[2022-04-04 19:45:47.873] [exthost] [info] Extension host with pid 195154 started
[2022-04-04 19:45:48.347] [exthost] [info] ExtensionService#_doActivateExtension vscode.debug-auto-launch, startup: true, activationEvent: '*'
[2022-04-04 19:45:48.356] [exthost] [info] ExtensionService#_doActivateExtension vscode.git-base, startup: true, activationEvent: '*', root cause: vscode.git
[2022-04-04 19:45:48.390] [exthost] [info] ExtensionService#_doActivateExtension vscode.ipynb, startup: true, activationEvent: '*'
[2022-04-04 19:45:48.407] [exthost] [info] ExtensionService#_doActivateExtension vscodevim.vim, startup: true, activationEvent: '*'
[2022-04-04 19:45:48.705] [exthost] [info] ExtensionService#_doActivateExtension vscode.git, startup: true, activationEvent: '*'
[2022-04-04 19:45:48.778] [exthost] [info] ExtensionService#_doActivateExtension vscode.github, startup: true, activationEvent: '*'
[2022-04-04 19:45:49.075] [exthost] [info] Eager extensions activated
[2022-04-04 19:45:49.287] [exthost] [info] ExtensionService#_doActivateExtension vscode.emmet, startup: false, activationEvent: 'onStartupFinished'
[2022-04-04 19:45:49.314] [exthost] [info] ExtensionService#_doActivateExtension vscode.merge-conflict, startup: false, activationEvent: 'onStartupFinished'
[2022-04-04 19:46:15.346] [exthost] [info] extension host terminating: renderer closed the socket
[2022-04-04 19:46:15.392] [exthost] [info] Extension host with pid 195154 exiting with code 0
[2022-04-04 19:46:22.452] [exthost] [info] Extension host with pid 195409 started
[2022-04-04 19:46:22.453] [exthost] [info] Skipping acquiring lock for /home/ff/.config/VSCodium/User/workspaceStorage/95148ec00273d5b346e257e301dd84b7.
[2022-04-04 19:46:22.672] [exthost] [info] ExtensionService#_doActivateExtension vscode.debug-auto-launch, startup: true, activationEvent: '*'
[2022-04-04 19:46:22.677] [exthost] [info] ExtensionService#_doActivateExtension vscode.git-base, startup: true, activationEvent: '*'
[2022-04-04 19:46:22.684] [exthost] [info] ExtensionService#_doActivateExtension vscode.ipynb, startup: true, activationEvent: '*'
[2022-04-04 19:46:22.692] [exthost] [info] ExtensionService#_doActivateExtension vscodevim.vim, startup: true, activationEvent: '*'
[2022-04-04 19:46:23.234] [exthost] [info] ExtensionService#_doActivateExtension vscode.github, startup: true, activationEvent: '*'
[2022-04-04 19:46:23.592] [exthost] [info] Eager extensions activated
[2022-04-04 19:46:23.673] [exthost] [info] ExtensionService#_doActivateExtension vscode.emmet, startup: false, activationEvent: 'onStartupFinished'
[2022-04-04 19:46:23.717] [exthost] [info] ExtensionService#_doActivateExtension vscode.merge-conflict, startup: false, activationEvent: 'onStartupFinished'
[2022-04-04 19:46:23.730] [exthost] [info] ExtensionService#_doActivateExtension vscode.git, startup: false, activationEvent: 'api', root cause: vscode.github
[2022-04-04 19:46:36.713] [exthost] [info] ExtensionService#_doActivateExtension ms-python.python, startup: false, activationEvent: 'onLanguage:python'
[2022-04-04 19:46:37.165] [exthost] [info] ExtensionService#_doActivateExtension ms-toolsai.jupyter, startup: false, activationEvent: 'onLanguage:python'
[2022-04-04 19:56:37.136] [exthost] [error] [ms-python.python] provider FAILED
[2022-04-04 19:56:37.139] [exthost] [error] Error: ValueError: `column` parameter (1) is not in a valid range (0-0) for line 92 ('').
    at /home/ff/.vscode-oss/extensions/ms-python.python-2022.2.1924087327/out/client/extension.js:67:139263
    at /home/ff/.vscode-oss/extensions/ms-python.python-2022.2.1924087327/out/client/extension.js:67:139557
    at Immediate.<anonymous> (/home/ff/.vscode-oss/extensions/ms-python.python-2022.2.1924087327/out/client/extension.js:67:139920)
    at processImmediate (node:internal/timers:464:21)
[2022-04-04 19:56:45.026] [exthost] [info] extension host terminating: renderer closed the socket
[2022-04-04 19:56:46.098] [exthost] [error] TypeError: Converting circular structure to JSON
    --> starting at object with constructor 't'
    |     property '_readableState' -> object with constructor 'M'
    |     property 'pipes' -> object with constructor 'Array'
    |     index 0 -> object with constructor 't.ConsoleForElectron'
    --- property 'parent' closes the circle
    at JSON.stringify (<anonymous>)
    at async (/home/ff/.vscode-oss/extensions/vscodevim.vim-1.22.2/src/register/register.ts:357:16)
    at Object.e.deactivate (/home/ff/.vscode-oss/extensions/vscodevim.vim-1.22.2/extension.ts:64:8)
    at async Promise.all (index 9)
    at deactivateAll (/opt/vscodium-bin/resources/app/out/vs/workbench/api/node/extensionHostProcess.js:90:10255)
[2022-04-04 19:56:46.099] [exthost] [info] Extension host with pid 195409 exiting with code 0
[2022-04-04 19:56:57.986] [exthost] [info] Extension host with pid 197572 started
[2022-04-04 19:56:57.986] [exthost] [info] Skipping acquiring lock for /home/ff/.config/VSCodium/User/workspaceStorage/95148ec00273d5b346e257e301dd84b7.
[2022-04-04 19:56:59.436] [exthost] [info] ExtensionService#_doActivateExtension ms-python.python, startup: false, activationEvent: 'onLanguage:python'
[2022-04-04 19:56:59.721] [exthost] [info] ExtensionService#_doActivateExtension ms-toolsai.jupyter, startup: false, activationEvent: 'onLanguage:python'
[2022-04-04 19:57:00.352] [exthost] [info] ExtensionService#_doActivateExtension vscode.debug-auto-launch, startup: true, activationEvent: '*'
[2022-04-04 19:57:00.362] [exthost] [info] ExtensionService#_doActivateExtension vscode.git-base, startup: true, activationEvent: '*', root cause: vscode.git
[2022-04-04 19:57:00.382] [exthost] [info] ExtensionService#_doActivateExtension vscode.ipynb, startup: true, activationEvent: '*'
[2022-04-04 19:57:01.868] [exthost] [info] ExtensionService#_doActivateExtension vscode.git, startup: true, activationEvent: '*'
[2022-04-04 19:57:01.938] [exthost] [info] ExtensionService#_doActivateExtension vscode.github, startup: true, activationEvent: '*'
[2022-04-04 19:57:03.421] [exthost] [info] Eager extensions activated
[2022-04-04 19:57:05.166] [exthost] [info] ExtensionService#_doActivateExtension vscode.emmet, startup: false, activationEvent: 'onStartupFinished'
[2022-04-04 19:57:05.214] [exthost] [info] ExtensionService#_doActivateExtension vscode.merge-conflict, startup: false, activationEvent: 'onStartupFinished'
