[2022-04-04 19:35:19.677] [renderer2] [error] Error: File not found
    at g.handleSetInputError (vscode-file://vscode-app/opt/vscodium-bin/resources/app/out/vs/workbench/workbench.desktop.main.js:2636:112725)
    at async g.setInput (vscode-file://vscode-app/opt/vscodium-bin/resources/app/out/vs/workbench/workbench.desktop.main.js:2636:112400)
    at async i.doSetInput (vscode-file://vscode-app/opt/vscodium-bin/resources/app/out/vs/workbench/workbench.desktop.main.js:2636:26823)
    at async i.doOpenEditor (vscode-file://vscode-app/opt/vscodium-bin/resources/app/out/vs/workbench/workbench.desktop.main.js:2636:25196)
    at async i.openEditor (vscode-file://vscode-app/opt/vscodium-bin/resources/app/out/vs/workbench/workbench.desktop.main.js:2636:24822)
    at async vscode-file://vscode-app/opt/vscodium-bin/resources/app/out/vs/workbench/workbench.desktop.main.js:2842:17260
[2022-04-04 19:35:21.096] [renderer2] [critical] Extension 'ms-python.python CANNOT USE these API proposals 'quickPickSortByLabel, testObserver, notebookEditor'. You MUST start in extension development mode or use the --enable-proposed-api command line flag
[2022-04-04 19:35:21.097] [renderer2] [critical] Extension 'ms-toolsai.jupyter CANNOT USE these API proposals 'notebookConcatTextDocument, notebookControllerKind, notebookDebugOptions, notebookDeprecated, notebookEditor, notebookEditorDecorationType, notebookEditorEdit, notebookMessaging, notebookMime, notebookCellExecutionState, portsAttributes, textDocumentNotebook, quickPickSortByLabel'. You MUST start in extension development mode or use the --enable-proposed-api command line flag
[2022-04-04 19:35:21.133] [renderer2] [info] Ignoring configured affinity for 'pub.name' because the extension is unknown or cannot execute.
[2022-04-04 19:35:21.666] [renderer2] [error] [ms-toolsai.jupyter]: interactive/toolbar is a proposed menu identifier. It requires 'package.json#enabledApiProposals: ["notebookEditor"]' and is only available when running out of dev or with the following command line switch: --enable-proposed-api ms-toolsai.jupyter
[2022-04-04 19:35:21.668] [renderer2] [error] [ms-toolsai.jupyter]: interactive/cell/title is a proposed menu identifier. It requires 'package.json#enabledApiProposals: ["notebookEditor"]' and is only available when running out of dev or with the following command line switch: --enable-proposed-api ms-toolsai.jupyter
[2022-04-04 19:35:22.560] [renderer2] [info] Ignoring configured affinity for 'pub.name' because the extension is unknown or cannot execute.
[2022-04-04 19:35:32.835] [renderer2] [error] Error: File not found
    at g.handleSetInputError (vscode-file://vscode-app/opt/vscodium-bin/resources/app/out/vs/workbench/workbench.desktop.main.js:2636:112725)
    at async g.setInput (vscode-file://vscode-app/opt/vscodium-bin/resources/app/out/vs/workbench/workbench.desktop.main.js:2636:112400)
    at async i.doSetInput (vscode-file://vscode-app/opt/vscodium-bin/resources/app/out/vs/workbench/workbench.desktop.main.js:2636:26823)
    at async i.doOpenEditor (vscode-file://vscode-app/opt/vscodium-bin/resources/app/out/vs/workbench/workbench.desktop.main.js:2636:25196)
    at async i.openEditor (vscode-file://vscode-app/opt/vscodium-bin/resources/app/out/vs/workbench/workbench.desktop.main.js:2636:24822)
    at async vscode-file://vscode-app/opt/vscodium-bin/resources/app/out/vs/workbench/workbench.desktop.main.js:2842:17260
[2022-04-04 19:35:34.948] [renderer2] [error] Error: File not found
    at g.handleSetInputError (vscode-file://vscode-app/opt/vscodium-bin/resources/app/out/vs/workbench/workbench.desktop.main.js:2636:112725)
    at async g.setInput (vscode-file://vscode-app/opt/vscodium-bin/resources/app/out/vs/workbench/workbench.desktop.main.js:2636:112400)
    at async i.doSetInput (vscode-file://vscode-app/opt/vscodium-bin/resources/app/out/vs/workbench/workbench.desktop.main.js:2636:26823)
    at async i.doOpenEditor (vscode-file://vscode-app/opt/vscodium-bin/resources/app/out/vs/workbench/workbench.desktop.main.js:2636:25196)
    at async i.openEditor (vscode-file://vscode-app/opt/vscodium-bin/resources/app/out/vs/workbench/workbench.desktop.main.js:2636:24822)
    at async vscode-file://vscode-app/opt/vscodium-bin/resources/app/out/vs/workbench/workbench.desktop.main.js:2842:17260
[2022-04-04 19:37:04.994] [renderer2] [error] [Extension Host] extension activation failed Error: Extension 'ms-toolsai.jupyter' CANNOT use API proposal: notebookEditor.
Its package.json#enabledApiProposals-property declares:  but NOT notebookEditor.
 The missing proposal MUST be added and you must start in extension development mode or use the following command line switch: --enable-proposed-api ms-toolsai.jupyter
	at g (/opt/vscodium-bin/resources/app/out/vs/workbench/api/node/extensionHostProcess.js:83:66154)
	at Object.onDidChangeCellMetadata (/opt/vscodium-bin/resources/app/out/vs/workbench/api/node/extensionHostProcess.js:99:52439)
	at u.addEventHandlers (/home/ff/.vscode-oss/extensions/ms-toolsai.jupyter-2022.3.1000901801/out/extension.js:2:735175)
	at new u (/home/ff/.vscode-oss/extensions/ms-toolsai.jupyter-2022.3.1000901801/out/extension.js:2:733840)
	at Object.t.resolveInstance (/home/ff/.vscode-oss/extensions/ms-toolsai.jupyter-2022.3.1000901801/out/extension.js:2:2667221)
	at /home/ff/.vscode-oss/extensions/ms-toolsai.jupyter-2022.3.1000901801/out/extension.js:2:2669159
	at Array.map (<anonymous>)
	at Object.t.resolveInstance (/home/ff/.vscode-oss/extensions/ms-toolsai.jupyter-2022.3.1000901801/out/extension.js:2:2666995)
	at /home/ff/.vscode-oss/extensions/ms-toolsai.jupyter-2022.3.1000901801/out/extension.js:2:2669159
	at Object.t.resolve (/home/ff/.vscode-oss/extensions/ms-toolsai.jupyter-2022.3.1000901801/out/extension.js:2:2669422)
	at /home/ff/.vscode-oss/extensions/ms-toolsai.jupyter-2022.3.1000901801/out/extension.js:2:2652835
	at e._get (/home/ff/.vscode-oss/extensions/ms-toolsai.jupyter-2022.3.1000901801/out/extension.js:2:2652601)
	at e.get (/home/ff/.vscode-oss/extensions/ms-toolsai.jupyter-2022.3.1000901801/out/extension.js:2:2651244)
	at e.dynamicValue (/home/ff/.vscode-oss/extensions/ms-toolsai.jupyter-2022.3.1000901801/out/extension.js:2:2674821)
	at /home/ff/.vscode-oss/extensions/ms-toolsai.jupyter-2022.3.1000901801/out/extension.js:2:2668648
	at c (/home/ff/.vscode-oss/extensions/ms-toolsai.jupyter-2022.3.1000901801/out/extension.js:2:2667664)
	at /home/ff/.vscode-oss/extensions/ms-toolsai.jupyter-2022.3.1000901801/out/extension.js:2:2668588
	at /home/ff/.vscode-oss/extensions/ms-toolsai.jupyter-2022.3.1000901801/out/extension.js:2:2668077
	at Array.map (<anonymous>)
	at /home/ff/.vscode-oss/extensions/ms-toolsai.jupyter-2022.3.1000901801/out/extension.js:2:2668049
	at Array.map (<anonymous>)
	at Object.t.resolveInstance (/home/ff/.vscode-oss/extensions/ms-toolsai.jupyter-2022.3.1000901801/out/extension.js:2:2666995)
	at /home/ff/.vscode-oss/extensions/ms-toolsai.jupyter-2022.3.1000901801/out/extension.js:2:2669159
	at Object.t.resolve (/home/ff/.vscode-oss/extensions/ms-toolsai.jupyter-2022.3.1000901801/out/extension.js:2:2669422)
	at /home/ff/.vscode-oss/extensions/ms-toolsai.jupyter-2022.3.1000901801/out/extension.js:2:2652835
	at e._get (/home/ff/.vscode-oss/extensions/ms-toolsai.jupyter-2022.3.1000901801/out/extension.js:2:2652601)
	at e.get (/home/ff/.vscode-oss/extensions/ms-toolsai.jupyter-2022.3.1000901801/out/extension.js:2:2651244)
	at a.get (/home/ff/.vscode-oss/extensions/ms-toolsai.jupyter-2022.3.1000901801/out/extension.js:2:1109349)
	at /home/ff/.vscode-oss/extensions/ms-toolsai.jupyter-2022.3.1000901801/out/extension.js:2:4538183
	at processTicksAndRejections (node:internal/process/task_queues:96:5)
	at async /home/ff/.vscode-oss/extensions/ms-toolsai.jupyter-2022.3.1000901801/out/extension.js:2:4535892
	at async e.activate (/home/ff/.vscode-oss/extensions/ms-toolsai.jupyter-2022.3.1000901801/out/extension.js:2:4535127)
	at async g._activate (/opt/vscodium-bin/resources/app/out/vs/workbench/api/node/extensionHostProcess.js:85:8154)
	at async g._waitForDepsThenActivate (/opt/vscodium-bin/resources/app/out/vs/workbench/api/node/extensionHostProcess.js:85:8096)
	at async g._initialize (/opt/vscodium-bin/resources/app/out/vs/workbench/api/node/extensionHostProcess.js:85:7460)
[2022-04-04 19:37:41.506] [renderer2] [info] UNRESPONSIVE extension host: starting to profile NOW
[2022-04-04 19:37:46.381] [renderer2] [warning] {}
[2022-04-04 19:37:46.848] [renderer2] [warning] UNRESPONSIVE extension host: 'vscode.git' took 83% of 5407.056ms, saved PROFILE here: 'file:///tmp/exthost-611b99.cpuprofile' [{"id":"gc","total":312618,"percentage":6},{"id":"ms-python.python","total":53261,"percentage":1},{"id":"program","total":7428,"percentage":0},{"id":"self","total":520276,"percentage":10},{"id":"vscode.git","total":4510638,"percentage":83},{"id":"vscode.merge-conflict","total":2564,"percentage":0}]
[2022-04-04 19:38:13.359] [renderer2] [info] Ignoring configured affinity for 'pub.name' because the extension is unknown or cannot execute.
