[2022-04-01 07:58:52.787] [exthost] [info] Extension host with pid 89125 started
[2022-04-01 07:58:52.787] [exthost] [info] Skipping acquiring lock for /home/ff/.config/VSCodium/User/workspaceStorage/33573b89c1a4c7591cd38fa888e91f6d.
[2022-04-01 07:58:53.311] [exthost] [info] ExtensionService#_doActivateExtension ms-python.python, startup: false, activationEvent: 'onLanguage:python'
[2022-04-01 07:58:53.829] [exthost] [info] ExtensionService#_doActivateExtension ms-toolsai.jupyter, startup: false, activationEvent: 'onLanguage:python'
[2022-04-01 07:58:54.118] [exthost] [info] ExtensionService#_doActivateExtension vscode.debug-auto-launch, startup: true, activationEvent: '*'
[2022-04-01 07:58:54.122] [exthost] [info] ExtensionService#_doActivateExtension vscode.git-base, startup: true, activationEvent: '*', root cause: vscode.github
[2022-04-01 07:58:54.126] [exthost] [info] ExtensionService#_doActivateExtension vscode.ipynb, startup: true, activationEvent: '*'
[2022-04-01 07:58:54.131] [exthost] [info] ExtensionService#_doActivateExtension vscodevim.vim, startup: true, activationEvent: '*'
[2022-04-01 07:58:55.419] [exthost] [info] ExtensionService#_doActivateExtension vscode.git, startup: true, activationEvent: '*'
[2022-04-01 07:58:55.460] [exthost] [info] ExtensionService#_doActivateExtension vscode.github, startup: true, activationEvent: '*'
[2022-04-01 07:58:55.735] [exthost] [info] Eager extensions activated
[2022-04-01 07:58:55.849] [exthost] [info] ExtensionService#_doActivateExtension vscode.emmet, startup: false, activationEvent: 'onStartupFinished'
[2022-04-01 07:58:55.859] [exthost] [info] ExtensionService#_doActivateExtension vscode.merge-conflict, startup: false, activationEvent: 'onStartupFinished'
[2022-04-01 07:59:06.843] [exthost] [info] extension host terminating: renderer closed the socket
[2022-04-01 07:59:06.892] [exthost] [info] Extension host with pid 89125 exiting with code 0
[2022-04-01 07:59:11.162] [exthost] [info] Extension host with pid 89379 started
[2022-04-01 07:59:11.162] [exthost] [info] Skipping acquiring lock for /home/ff/.config/VSCodium/User/workspaceStorage/33573b89c1a4c7591cd38fa888e91f6d.
[2022-04-01 07:59:12.028] [exthost] [info] ExtensionService#_doActivateExtension ms-python.python, startup: false, activationEvent: 'onLanguage:python'
[2022-04-01 07:59:12.578] [exthost] [info] ExtensionService#_doActivateExtension ms-toolsai.jupyter, startup: false, activationEvent: 'onLanguage:python'
[2022-04-01 07:59:12.985] [exthost] [info] ExtensionService#_doActivateExtension vscode.debug-auto-launch, startup: true, activationEvent: '*'
[2022-04-01 07:59:12.991] [exthost] [info] ExtensionService#_doActivateExtension vscode.git-base, startup: true, activationEvent: '*', root cause: vscode.github
[2022-04-01 07:59:12.998] [exthost] [info] ExtensionService#_doActivateExtension vscode.ipynb, startup: true, activationEvent: '*'
[2022-04-01 07:59:13.345] [exthost] [info] ExtensionService#_doActivateExtension vscode.git, startup: true, activationEvent: '*'
[2022-04-01 07:59:13.384] [exthost] [info] ExtensionService#_doActivateExtension vscode.github, startup: true, activationEvent: '*'
[2022-04-01 07:59:14.289] [exthost] [info] Eager extensions activated
[2022-04-01 07:59:14.442] [exthost] [info] ExtensionService#_doActivateExtension vscode.emmet, startup: false, activationEvent: 'onStartupFinished'
[2022-04-01 07:59:14.464] [exthost] [info] ExtensionService#_doActivateExtension vscode.merge-conflict, startup: false, activationEvent: 'onStartupFinished'
[2022-04-01 07:59:20.620] [exthost] [warning] [Decorations] CAPPING events from decorations provider vscode.git 10001
[2022-04-01 08:31:53.063] [exthost] [info] extension host terminating: renderer closed the socket
[2022-04-01 08:31:53.166] [exthost] [info] Extension host with pid 89379 exiting with code 0
