Telemetry level is off
Experiments are disabled, only manually opted experiments are active.
> conda info --json
> /bin/python ~/.vscode-oss/extensions/ms-python.python-2022.2.1924087327/pythonFiles/get_output_via_markers.py ~/.vscode-oss/extensions/ms-python.python-2022.2.1924087327/pythonFiles/interpreterInfo.py
Python interpreter path: /bin/python
> ~/.conda/bin/conda info --json
> ~/anaconda3/bin/conda info --json
> /sbin/python ~/.vscode-oss/extensions/ms-python.python-2022.2.1924087327/pythonFiles/get_output_via_markers.py ~/.vscode-oss/extensions/ms-python.python-2022.2.1924087327/pythonFiles/interpreterInfo.py
> /usr/bin/python ~/.vscode-oss/extensions/ms-python.python-2022.2.1924087327/pythonFiles/get_output_via_markers.py ~/.vscode-oss/extensions/ms-python.python-2022.2.1924087327/pythonFiles/interpreterInfo.py
> /usr/sbin/python ~/.vscode-oss/extensions/ms-python.python-2022.2.1924087327/pythonFiles/get_output_via_markers.py ~/.vscode-oss/extensions/ms-python.python-2022.2.1924087327/pythonFiles/interpreterInfo.py
> ~/anaconda3/bin/python ~/.vscode-oss/extensions/ms-python.python-2022.2.1924087327/pythonFiles/get_output_via_markers.py ~/.vscode-oss/extensions/ms-python.python-2022.2.1924087327/pythonFiles/interpreterInfo.py
Starting Jedi language server.
> /bin/python ~/.vscode-oss/extensions/ms-python.python-2022.2.1924087327/pythonFiles/linter.py -m pylint ~/test.py
cwd: ~
##########Linting Output - pylint##########

[
    {
        "type": "convention",
        "module": "test",
        "obj": "",
        "line": 10,
        "column": 0,
        "endLine": null,
        "endColumn": null,
        "path": "test.py",
        "symbol": "trailing-newlines",
        "message": "Trailing newlines",
        "message-id": "C0305"
    },
    {
        "type": "convention",
        "module": "test",
        "obj": "",
        "line": 1,
        "column": 0,
        "endLine": null,
        "endColumn": null,
        "path": "test.py",
        "symbol": "missing-module-docstring",
        "message": "Missing module docstring",
        "message-id": "C0114"
    },
    {
        "type": "convention",
        "module": "test",
        "obj": "addition",
        "line": 3,
        "column": 13,
        "endLine": 3,
        "endColumn": 14,
        "path": "test.py",
        "symbol": "invalid-name",
        "message": "Argument name \"a\" doesn't conform to snake_case naming style",
        "message-id": "C0103"
    },
    {
        "type": "convention",
        "module": "test",
        "obj": "addition",
        "line": 3,
        "column": 16,
        "endLine": 3,
        "endColumn": 17,
        "path": "test.py",
        "symbol": "invalid-name",
        "message": "Argument name \"b\" doesn't conform to snake_case naming style",
        "message-id": "C0103"
    },
    {
        "type": "convention",
        "module": "test",
        "obj": "addition",
        "line": 3,
        "column": 0,
        "endLine": 4,
        "endColumn": 16,
        "path": "test.py",
        "symbol": "missing-function-docstring",
        "message": "Missing function or method docstring",
        "message-id": "C0116"
    },
    {
        "type": "convention",
        "module": "test",
        "obj": "",
        "line": 8,
        "column": 0,
        "endLine": 8,
        "endColumn": 1,
        "path": "test.py",
        "symbol": "invalid-name",
        "message": "Constant name \"x\" doesn't conform to UPPER_CASE naming style",
        "message-id": "C0103"
    }
]

