[2022-03-29 18:38:28.934] [exthost] [info] Extension host with pid 280535 started
[2022-03-29 18:38:28.935] [exthost] [info] Skipping acquiring lock for /home/ff/.config/VSCodium/User/workspaceStorage/33573b89c1a4c7591cd38fa888e91f6d.
[2022-03-29 18:38:29.813] [exthost] [info] ExtensionService#_doActivateExtension vscode.debug-auto-launch, startup: true, activationEvent: '*'
[2022-03-29 18:38:29.830] [exthost] [info] ExtensionService#_doActivateExtension vscode.git-base, startup: true, activationEvent: '*', root cause: vscode.github
[2022-03-29 18:38:29.924] [exthost] [info] ExtensionService#_doActivateExtension vscode.ipynb, startup: true, activationEvent: '*'
[2022-03-29 18:38:29.972] [exthost] [info] ExtensionService#_doActivateExtension vscodevim.vim, startup: true, activationEvent: '*'
[2022-03-29 18:38:30.882] [exthost] [info] ExtensionService#_doActivateExtension vscode.git, startup: true, activationEvent: '*'
[2022-03-29 18:38:30.984] [exthost] [info] ExtensionService#_doActivateExtension vscode.github, startup: true, activationEvent: '*'
[2022-03-29 18:38:31.471] [exthost] [info] Eager extensions activated
[2022-03-29 18:38:32.004] [exthost] [info] ExtensionService#_doActivateExtension vscode.emmet, startup: false, activationEvent: 'onStartupFinished'
[2022-03-29 18:38:32.049] [exthost] [info] ExtensionService#_doActivateExtension vscode.merge-conflict, startup: false, activationEvent: 'onStartupFinished'
[2022-03-29 18:38:45.624] [exthost] [info] ExtensionService#_doActivateExtension ms-python.python, startup: false, activationEvent: 'onLanguage:python'
[2022-03-29 18:38:46.598] [exthost] [info] ExtensionService#_doActivateExtension ms-toolsai.jupyter, startup: false, activationEvent: 'onLanguage:python'
[2022-03-29 18:38:59.340] [exthost] [warning] [Decorations] CAPPING events from decorations provider vscode.git 10001
[2022-03-29 18:40:45.348] [exthost] [info] ExtensionService#_doActivateExtension vscode.configuration-editing, startup: false, activationEvent: 'onLanguage:jsonc'
[2022-03-29 18:40:45.419] [exthost] [info] ExtensionService#_doActivateExtension vscode.json-language-features, startup: false, activationEvent: 'onLanguage:jsonc'
[2022-03-29 18:40:45.519] [exthost] [info] ExtensionService#_doActivateExtension vscode.typescript-language-features, startup: false, activationEvent: 'onLanguage:jsonc'
[2022-03-29 18:42:05.084] [exthost] [error] [vscode.json-language-features] provider FAILED
[2022-03-29 18:42:05.089] [exthost] [error] Error: name must not be falsy
    at Function.validate (/opt/vscodium-bin/resources/app/out/vs/workbench/api/node/extensionHostProcess.js:76:104742)
    at new n (/opt/vscodium-bin/resources/app/out/vs/workbench/api/node/extensionHostProcess.js:76:104691)
    at new n (/opt/vscodium-bin/resources/app/out/vs/workbench/api/node/extensionHostProcess.js:76:91133)
    at B (/opt/vscodium-bin/resources/app/extensions/json-language-features/client/dist/node/jsonClientMain.js:1:524115)
    at Array.map (<anonymous>)
    at Object.asDocumentSymbols (/opt/vscodium-bin/resources/app/extensions/json-language-features/client/dist/node/jsonClientMain.js:1:529461)
    at /opt/vscodium-bin/resources/app/extensions/json-language-features/client/dist/node/jsonClientMain.js:1:455370
    at f.provideDocumentSymbols (/opt/vscodium-bin/resources/app/out/vs/workbench/api/node/extensionHostProcess.js:85:91156)
[2022-03-29 18:42:13.175] [exthost] [info] ExtensionService#_doActivateExtension vscode.debug-server-ready, startup: false, activationEvent: 'onDebugResolve'
[2022-03-29 19:27:02.225] [exthost] [error] [ms-python.python] provider FAILED
[2022-03-29 19:27:02.227] [exthost] [error] Error: UnboundLocalError: local variable 'start_index' referenced before assignment
    at /home/ff/.vscode-oss/extensions/ms-python.python-2022.2.1924087327/out/client/extension.js:67:139263
    at /home/ff/.vscode-oss/extensions/ms-python.python-2022.2.1924087327/out/client/extension.js:67:139557
    at Immediate.<anonymous> (/home/ff/.vscode-oss/extensions/ms-python.python-2022.2.1924087327/out/client/extension.js:67:139920)
    at processImmediate (internal/timers.js:461:21)
[2022-03-29 19:27:28.656] [exthost] [error] [ms-python.python] provider FAILED
[2022-03-29 19:27:28.657] [exthost] [error] Error: UnboundLocalError: local variable 'start_index' referenced before assignment
    at /home/ff/.vscode-oss/extensions/ms-python.python-2022.2.1924087327/out/client/extension.js:67:139263
    at /home/ff/.vscode-oss/extensions/ms-python.python-2022.2.1924087327/out/client/extension.js:67:139557
    at Immediate.<anonymous> (/home/ff/.vscode-oss/extensions/ms-python.python-2022.2.1924087327/out/client/extension.js:67:139920)
    at processImmediate (internal/timers.js:461:21)
[2022-03-29 19:34:41.509] [exthost] [error] [ms-python.python] provider FAILED
[2022-03-29 19:34:41.509] [exthost] [error] Error: UnboundLocalError: local variable 'start_index' referenced before assignment
    at /home/ff/.vscode-oss/extensions/ms-python.python-2022.2.1924087327/out/client/extension.js:67:139263
    at /home/ff/.vscode-oss/extensions/ms-python.python-2022.2.1924087327/out/client/extension.js:67:139557
    at Immediate.<anonymous> (/home/ff/.vscode-oss/extensions/ms-python.python-2022.2.1924087327/out/client/extension.js:67:139920)
    at processImmediate (internal/timers.js:461:21)
[2022-03-29 19:46:39.343] [exthost] [error] [ms-python.python] provider FAILED
[2022-03-29 19:46:39.343] [exthost] [error] Error: UnboundLocalError: local variable 'start_index' referenced before assignment
    at /home/ff/.vscode-oss/extensions/ms-python.python-2022.2.1924087327/out/client/extension.js:67:139263
    at /home/ff/.vscode-oss/extensions/ms-python.python-2022.2.1924087327/out/client/extension.js:67:139557
    at Immediate.<anonymous> (/home/ff/.vscode-oss/extensions/ms-python.python-2022.2.1924087327/out/client/extension.js:67:139920)
    at processImmediate (internal/timers.js:461:21)
[2022-03-29 22:04:47.106] [exthost] [info] extension host terminating: renderer closed the socket
[2022-03-29 22:04:48.254] [exthost] [error] TypeError: r.some is not a function
    at Function.saveToDisk (/home/ff/.vscode-oss/extensions/vscodevim.vim-1.22.2/src/register/register.ts:350:30)
    at Object.e.deactivate (/home/ff/.vscode-oss/extensions/vscodevim.vim-1.22.2/extension.ts:65:18)
    at d._deactivate (/opt/vscodium-bin/resources/app/out/vs/workbench/api/node/extensionHostProcess.js:90:11702)
    at /opt/vscodium-bin/resources/app/out/vs/workbench/api/node/extensionHostProcess.js:90:10226
    at Array.map (<anonymous>)
    at deactivateAll (/opt/vscodium-bin/resources/app/out/vs/workbench/api/node/extensionHostProcess.js:90:10214)
    at S.terminate (/opt/vscodium-bin/resources/app/out/vs/workbench/api/node/extensionHostProcess.js:94:880)
    at c (/opt/vscodium-bin/resources/app/out/vs/workbench/api/node/extensionHostProcess.js:104:36242)
    at Socket.<anonymous> (/opt/vscodium-bin/resources/app/out/vs/workbench/api/node/extensionHostProcess.js:104:33937)
    at Socket.emit (events.js:327:22)
    at Pipe.<anonymous> (net.js:673:12)
[2022-03-29 22:04:48.257] [exthost] [info] Extension host with pid 280535 exiting with code 0
