[2022-04-03 18:35:37.446] [renderer2] [critical] Extension 'ms-python.python CANNOT USE these API proposals 'quickPickSortByLabel, testObserver, notebookEditor'. You MUST start in extension development mode or use the --enable-proposed-api command line flag
[2022-04-03 18:35:37.448] [renderer2] [critical] Extension 'ms-toolsai.jupyter CANNOT USE these API proposals 'notebookConcatTextDocument, notebookControllerKind, notebookDebugOptions, notebookDeprecated, notebookEditor, notebookEditorDecorationType, notebookEditorEdit, notebookMessaging, notebookMime, notebookCellExecutionState, portsAttributes, textDocumentNotebook, quickPickSortByLabel'. You MUST start in extension development mode or use the --enable-proposed-api command line flag
[2022-04-03 18:35:37.477] [renderer2] [info] Ignoring configured affinity for 'pub.name' because the extension is unknown or cannot execute.
[2022-04-03 18:35:37.849] [renderer2] [error] [ms-toolsai.jupyter]: interactive/toolbar is a proposed menu identifier. It requires 'package.json#enabledApiProposals: ["notebookEditor"]' and is only available when running out of dev or with the following command line switch: --enable-proposed-api ms-toolsai.jupyter
[2022-04-03 18:35:37.856] [renderer2] [error] [ms-toolsai.jupyter]: interactive/cell/title is a proposed menu identifier. It requires 'package.json#enabledApiProposals: ["notebookEditor"]' and is only available when running out of dev or with the following command line switch: --enable-proposed-api ms-toolsai.jupyter
[2022-04-03 18:35:38.233] [renderer2] [info] Ignoring configured affinity for 'pub.name' because the extension is unknown or cannot execute.
[2022-04-03 18:35:50.739] [renderer2] [info] UNRESPONSIVE extension host: received responsive event and cancelling profiling session
[2022-04-03 18:35:52.555] [renderer2] [info] UNRESPONSIVE extension host: starting to profile NOW
[2022-04-03 18:35:52.763] [renderer2] [warning] UNRESPONSIVE extension host: 'ms-python.python' took 100% of 268.334ms, saved PROFILE here: 'file:///tmp/exthost-05fbbe.cpuprofile' [{"id":"ms-python.python","total":267765,"percentage":100}]
[2022-04-03 18:35:55.694] [renderer2] [info] UNRESPONSIVE extension host: starting to profile NOW
[2022-04-03 18:35:58.275] [renderer2] [info] UNRESPONSIVE extension host: received responsive event and cancelling profiling session
[2022-04-03 18:35:58.765] [renderer2] [warning] UNRESPONSIVE extension host: 'ms-toolsai.jupyter' took 97% of 2869.828ms, saved PROFILE here: 'file:///tmp/exthost-d11d3e.cpuprofile' [{"id":"gc","total":3426,"percentage":0},{"id":"ms-python.python","total":453,"percentage":0},{"id":"ms-toolsai.jupyter","total":2786575,"percentage":97},{"id":"program","total":1358,"percentage":0},{"id":"self","total":61847,"percentage":2},{"id":"vscode.debug-auto-launch","total":2098,"percentage":0},{"id":"vscode.git-base","total":4553,"percentage":0},{"id":"vscode.ipynb","total":5750,"percentage":0}]
[2022-04-03 18:36:00.942] [renderer2] [error] [Extension Host] extension activation failed Error: Extension 'ms-toolsai.jupyter' CANNOT use API proposal: notebookEditor.
Its package.json#enabledApiProposals-property declares:  but NOT notebookEditor.
 The missing proposal MUST be added and you must start in extension development mode or use the following command line switch: --enable-proposed-api ms-toolsai.jupyter
	at g (/opt/vscodium-bin/resources/app/out/vs/workbench/api/node/extensionHostProcess.js:83:66154)
	at Object.onDidChangeCellMetadata (/opt/vscodium-bin/resources/app/out/vs/workbench/api/node/extensionHostProcess.js:99:52439)
	at u.addEventHandlers (/home/ff/.vscode-oss/extensions/ms-toolsai.jupyter-2022.3.1000752054/out/client/extension.js:2:49093)
	at new u (/home/ff/.vscode-oss/extensions/ms-toolsai.jupyter-2022.3.1000752054/out/client/extension.js:2:47758)
	at Object.t.resolveInstance (/home/ff/.vscode-oss/extensions/ms-toolsai.jupyter-2022.3.1000752054/out/client/extension.js:2:2746346)
	at /home/ff/.vscode-oss/extensions/ms-toolsai.jupyter-2022.3.1000752054/out/client/extension.js:2:2748242
	at Array.map (<anonymous>)
	at Object.t.resolveInstance (/home/ff/.vscode-oss/extensions/ms-toolsai.jupyter-2022.3.1000752054/out/client/extension.js:2:2746120)
	at /home/ff/.vscode-oss/extensions/ms-toolsai.jupyter-2022.3.1000752054/out/client/extension.js:2:2748242
	at /home/ff/.vscode-oss/extensions/ms-toolsai.jupyter-2022.3.1000752054/out/client/extension.js:2:2747190
	at Array.map (<anonymous>)
	at /home/ff/.vscode-oss/extensions/ms-toolsai.jupyter-2022.3.1000752054/out/client/extension.js:2:2747162
	at Array.map (<anonymous>)
	at Object.t.resolveInstance (/home/ff/.vscode-oss/extensions/ms-toolsai.jupyter-2022.3.1000752054/out/client/extension.js:2:2746120)
	at /home/ff/.vscode-oss/extensions/ms-toolsai.jupyter-2022.3.1000752054/out/client/extension.js:2:2748242
	at Object.t.resolve (/home/ff/.vscode-oss/extensions/ms-toolsai.jupyter-2022.3.1000752054/out/client/extension.js:2:2748505)
	at /home/ff/.vscode-oss/extensions/ms-toolsai.jupyter-2022.3.1000752054/out/client/extension.js:2:2734575
	at e._get (/home/ff/.vscode-oss/extensions/ms-toolsai.jupyter-2022.3.1000752054/out/client/extension.js:2:2734341)
	at e.get (/home/ff/.vscode-oss/extensions/ms-toolsai.jupyter-2022.3.1000752054/out/client/extension.js:2:2733053)
	at a.get (/home/ff/.vscode-oss/extensions/ms-toolsai.jupyter-2022.3.1000752054/out/client/extension.js:2:1077063)
	at /home/ff/.vscode-oss/extensions/ms-toolsai.jupyter-2022.3.1000752054/out/client/extension.js:2:1073203
	at processTicksAndRejections (node:internal/process/task_queues:96:5)
	at async /home/ff/.vscode-oss/extensions/ms-toolsai.jupyter-2022.3.1000752054/out/client/extension.js:2:4550901
	at async e.activate (/home/ff/.vscode-oss/extensions/ms-toolsai.jupyter-2022.3.1000752054/out/client/extension.js:2:4550578)
	at async g._activate (/opt/vscodium-bin/resources/app/out/vs/workbench/api/node/extensionHostProcess.js:85:8154)
	at async g._waitForDepsThenActivate (/opt/vscodium-bin/resources/app/out/vs/workbench/api/node/extensionHostProcess.js:85:8096)
	at async g._initialize (/opt/vscodium-bin/resources/app/out/vs/workbench/api/node/extensionHostProcess.js:85:7460)
