[2022-03-29 18:38:20.303] [main] [info] window#load: attempt to load window (id: 1)
[2022-03-29 18:38:20.427] [main] [info] window#load: attempt to load window (id: 2)
[2022-03-29 18:38:20.458] [main] [info] update#setState idle
[2022-03-29 18:38:20.591] [main] [info] ExtensionHostStarterWorker created
[2022-03-29 18:38:24.261] [main] [info] window#load: window reported ready (id: 1)
[2022-03-29 18:38:24.764] [main] [info] window#load: window reported ready (id: 2)
[2022-03-29 18:38:25.822] [main] [info] Starting extension host with pid 280535 (fork() took 80 ms).
[2022-03-29 18:38:25.823] [main] [info] ExtensionHostStarterWorker.start() took 101 ms.
[2022-03-29 18:38:26.091] [main] [info] Starting extension host with pid 280536 (fork() took 44 ms).
[2022-03-29 18:38:26.092] [main] [info] ExtensionHostStarterWorker.start() took 198 ms.
[2022-03-29 18:38:43.044] [main] [info] Extension host with pid 280536 exited with code: 0, signal: null.
[2022-03-29 18:38:50.461] [main] [info] update#setState checking for updates
[2022-03-29 18:38:50.643] [main] [info] update#setState idle
[2022-03-29 18:39:02.515] [main] [info] Enabling inspect port on extension host with pid 280535.
[2022-03-29 19:38:50.468] [main] [info] update#setState checking for updates
[2022-03-29 19:38:50.910] [main] [info] update#setState idle
[2022-03-29 20:38:50.572] [main] [info] update#setState checking for updates
[2022-03-29 20:38:51.028] [main] [info] update#setState idle
[2022-03-29 21:38:50.682] [main] [info] update#setState checking for updates
[2022-03-29 21:38:51.391] [main] [info] update#setState idle
[2022-03-29 22:04:47.188] [main] [info] Waiting for extension host with pid 280535 to exit.
[2022-03-29 22:04:48.364] [main] [info] Extension host with pid 280535 exited with code: 0, signal: null.
