[2022-03-29 18:38:47.896] [renderer1] [error] [Extension Host] (node:280535) [DEP0005] DeprecationWarning: Buffer() is deprecated due to security and usability issues. Please use the Buffer.alloc(), Buffer.allocUnsafe(), or Buffer.from() methods instead.
(Use `codium --trace-deprecation ...` to show where the warning was created)
[2022-03-29 18:39:03.248] [renderer1] [info] UNRESPONSIVE extension host: starting to profile NOW
[2022-03-29 18:39:04.547] [renderer1] [info] UNRESPONSIVE extension host: received responsive event and cancelling profiling session
[2022-03-29 18:39:04.786] [renderer1] [warning] UNRESPONSIVE extension host: 'vscode.git' took 50% of 1554.78ms, saved PROFILE here: 'file:///tmp/exthost-c8bfd1.cpuprofile' [{"id":"gc","total":97852,"percentage":6},{"id":"ms-toolsai.jupyter","total":8544,"percentage":1},{"id":"program","total":462291,"percentage":30},{"id":"self","total":215584,"percentage":14},{"id":"vscode.git","total":770066,"percentage":50}]
[2022-03-29 18:42:05.091] [renderer1] [error] name must not be falsy: Error: name must not be falsy
    at Function.validate (/opt/vscodium-bin/resources/app/out/vs/workbench/api/node/extensionHostProcess.js:76:104742)
    at new n (/opt/vscodium-bin/resources/app/out/vs/workbench/api/node/extensionHostProcess.js:76:104691)
    at new n (/opt/vscodium-bin/resources/app/out/vs/workbench/api/node/extensionHostProcess.js:76:91133)
    at B (/opt/vscodium-bin/resources/app/extensions/json-language-features/client/dist/node/jsonClientMain.js:1:524115)
    at Array.map (<anonymous>)
    at Object.asDocumentSymbols (/opt/vscodium-bin/resources/app/extensions/json-language-features/client/dist/node/jsonClientMain.js:1:529461)
    at /opt/vscodium-bin/resources/app/extensions/json-language-features/client/dist/node/jsonClientMain.js:1:455370
    at f.provideDocumentSymbols (/opt/vscodium-bin/resources/app/out/vs/workbench/api/node/extensionHostProcess.js:85:91156)
[2022-03-29 18:42:19.470] [renderer1] [error] Server[pid=281492] disconnected unexpectedly: Error: Server[pid=281492] disconnected unexpectedly
    at c.handleErrorResponse (vscode-file://vscode-app/opt/vscodium-bin/resources/app/out/vs/workbench/workbench.desktop.main.js:1001:44793)
    at vscode-file://vscode-app/opt/vscodium-bin/resources/app/out/vs/workbench/workbench.desktop.main.js:1001:44222
    at async F.fetchThreads (vscode-file://vscode-app/opt/vscodium-bin/resources/app/out/vs/workbench/workbench.desktop.main.js:1954:22641)
[2022-03-29 18:42:39.912] [renderer1] [error] Server[pid=281614] disconnected unexpectedly: Error: Server[pid=281614] disconnected unexpectedly
    at c.handleErrorResponse (vscode-file://vscode-app/opt/vscodium-bin/resources/app/out/vs/workbench/workbench.desktop.main.js:1001:44793)
    at vscode-file://vscode-app/opt/vscodium-bin/resources/app/out/vs/workbench/workbench.desktop.main.js:1001:44222
    at async F.fetchThreads (vscode-file://vscode-app/opt/vscodium-bin/resources/app/out/vs/workbench/workbench.desktop.main.js:1954:22641)
[2022-03-29 19:27:02.268] [renderer1] [error] UnboundLocalError: local variable 'start_index' referenced before assignment: Error: UnboundLocalError: local variable 'start_index' referenced before assignment
    at /home/ff/.vscode-oss/extensions/ms-python.python-2022.2.1924087327/out/client/extension.js:67:139263
    at /home/ff/.vscode-oss/extensions/ms-python.python-2022.2.1924087327/out/client/extension.js:67:139557
    at Immediate.<anonymous> (/home/ff/.vscode-oss/extensions/ms-python.python-2022.2.1924087327/out/client/extension.js:67:139920)
    at processImmediate (internal/timers.js:461:21)
[2022-03-29 19:27:28.670] [renderer1] [error] UnboundLocalError: local variable 'start_index' referenced before assignment: Error: UnboundLocalError: local variable 'start_index' referenced before assignment
    at /home/ff/.vscode-oss/extensions/ms-python.python-2022.2.1924087327/out/client/extension.js:67:139263
    at /home/ff/.vscode-oss/extensions/ms-python.python-2022.2.1924087327/out/client/extension.js:67:139557
    at Immediate.<anonymous> (/home/ff/.vscode-oss/extensions/ms-python.python-2022.2.1924087327/out/client/extension.js:67:139920)
    at processImmediate (internal/timers.js:461:21)
[2022-03-29 19:34:41.592] [renderer1] [error] UnboundLocalError: local variable 'start_index' referenced before assignment: Error: UnboundLocalError: local variable 'start_index' referenced before assignment
    at /home/ff/.vscode-oss/extensions/ms-python.python-2022.2.1924087327/out/client/extension.js:67:139263
    at /home/ff/.vscode-oss/extensions/ms-python.python-2022.2.1924087327/out/client/extension.js:67:139557
    at Immediate.<anonymous> (/home/ff/.vscode-oss/extensions/ms-python.python-2022.2.1924087327/out/client/extension.js:67:139920)
    at processImmediate (internal/timers.js:461:21)
[2022-03-29 19:46:39.346] [renderer1] [error] UnboundLocalError: local variable 'start_index' referenced before assignment: Error: UnboundLocalError: local variable 'start_index' referenced before assignment
    at /home/ff/.vscode-oss/extensions/ms-python.python-2022.2.1924087327/out/client/extension.js:67:139263
    at /home/ff/.vscode-oss/extensions/ms-python.python-2022.2.1924087327/out/client/extension.js:67:139557
    at Immediate.<anonymous> (/home/ff/.vscode-oss/extensions/ms-python.python-2022.2.1924087327/out/client/extension.js:67:139920)
    at processImmediate (internal/timers.js:461:21)
