[2022-03-26 08:16:48.852] [exthost] [info] Extension host with pid 140183 started
[2022-03-26 08:16:49.769] [exthost] [info] ExtensionService#_doActivateExtension vscode.debug-auto-launch, startup: true, activationEvent: '*'
[2022-03-26 08:16:49.802] [exthost] [info] ExtensionService#_doActivateExtension vscode.git-base, startup: true, activationEvent: '*', root cause: vscode.github
[2022-03-26 08:16:49.888] [exthost] [info] ExtensionService#_doActivateExtension vscode.ipynb, startup: true, activationEvent: '*'
[2022-03-26 08:16:50.001] [exthost] [info] ExtensionService#_doActivateExtension vscodevim.vim, startup: true, activationEvent: '*'
[2022-03-26 08:16:51.586] [exthost] [info] ExtensionService#_doActivateExtension vscode.git, startup: true, activationEvent: '*'
[2022-03-26 08:16:51.748] [exthost] [info] ExtensionService#_doActivateExtension vscode.github, startup: true, activationEvent: '*'
[2022-03-26 08:16:52.208] [exthost] [info] Eager extensions activated
[2022-03-26 08:16:52.334] [exthost] [info] ExtensionService#_doActivateExtension vscode.emmet, startup: false, activationEvent: 'onStartupFinished'
[2022-03-26 08:16:52.371] [exthost] [info] ExtensionService#_doActivateExtension vscode.merge-conflict, startup: false, activationEvent: 'onStartupFinished'
[2022-03-26 08:16:52.385] [exthost] [info] ExtensionService#_doActivateExtension usernamehw.errorlens, startup: false, activationEvent: 'onStartupFinished'
[2022-03-26 08:17:11.677] [exthost] [info] ExtensionService#_doActivateExtension ms-python.python, startup: false, activationEvent: 'onLanguage:python'
[2022-03-26 08:17:13.230] [exthost] [info] ExtensionService#_doActivateExtension ms-toolsai.jupyter, startup: false, activationEvent: 'onLanguage:python'
[2022-03-26 08:18:32.135] [exthost] [error] [ms-python.python] provider FAILED
[2022-03-26 08:18:32.136] [exthost] [error] Error: ValueError: `column` parameter (1) is not in a valid range (0-0) for line 6 ('\n').
    at /home/ff/.vscode-oss/extensions/ms-python.python-2022.2.1924087327/out/client/extension.js:67:139263
    at /home/ff/.vscode-oss/extensions/ms-python.python-2022.2.1924087327/out/client/extension.js:67:139557
    at Immediate.<anonymous> (/home/ff/.vscode-oss/extensions/ms-python.python-2022.2.1924087327/out/client/extension.js:67:139920)
    at processImmediate (internal/timers.js:461:21)
[2022-03-26 08:18:33.410] [exthost] [error] [ms-python.python] provider FAILED
[2022-03-26 08:18:33.410] [exthost] [error] Error: ValueError: `column` parameter (1) is not in a valid range (0-0) for line 8 ('').
    at /home/ff/.vscode-oss/extensions/ms-python.python-2022.2.1924087327/out/client/extension.js:67:139263
    at /home/ff/.vscode-oss/extensions/ms-python.python-2022.2.1924087327/out/client/extension.js:67:139557
    at Immediate.<anonymous> (/home/ff/.vscode-oss/extensions/ms-python.python-2022.2.1924087327/out/client/extension.js:67:139920)
    at processImmediate (internal/timers.js:461:21)
[2022-03-26 08:18:35.468] [exthost] [error] [ms-python.python] provider FAILED
[2022-03-26 08:18:35.469] [exthost] [error] Error: ValueError: `column` parameter (1) is not in a valid range (0-0) for line 8 ('').
    at /home/ff/.vscode-oss/extensions/ms-python.python-2022.2.1924087327/out/client/extension.js:67:139263
    at /home/ff/.vscode-oss/extensions/ms-python.python-2022.2.1924087327/out/client/extension.js:67:139557
    at Immediate.<anonymous> (/home/ff/.vscode-oss/extensions/ms-python.python-2022.2.1924087327/out/client/extension.js:67:139920)
    at processImmediate (internal/timers.js:461:21)
[2022-03-26 08:18:36.316] [exthost] [error] [ms-python.python] provider FAILED
[2022-03-26 08:18:36.316] [exthost] [error] Error: ValueError: `column` parameter (1) is not in a valid range (0-0) for line 8 ('').
    at /home/ff/.vscode-oss/extensions/ms-python.python-2022.2.1924087327/out/client/extension.js:67:139263
    at /home/ff/.vscode-oss/extensions/ms-python.python-2022.2.1924087327/out/client/extension.js:67:139557
    at Immediate.<anonymous> (/home/ff/.vscode-oss/extensions/ms-python.python-2022.2.1924087327/out/client/extension.js:67:139920)
    at processImmediate (internal/timers.js:461:21)
[2022-03-26 08:18:40.891] [exthost] [error] [ms-python.python] provider FAILED
[2022-03-26 08:18:40.891] [exthost] [error] Error: ValueError: `column` parameter (1) is not in a valid range (0-0) for line 8 ('').
    at /home/ff/.vscode-oss/extensions/ms-python.python-2022.2.1924087327/out/client/extension.js:67:139263
    at /home/ff/.vscode-oss/extensions/ms-python.python-2022.2.1924087327/out/client/extension.js:67:139557
    at Immediate.<anonymous> (/home/ff/.vscode-oss/extensions/ms-python.python-2022.2.1924087327/out/client/extension.js:67:139920)
    at processImmediate (internal/timers.js:461:21)
[2022-03-26 08:18:41.864] [exthost] [error] [ms-python.python] provider FAILED
[2022-03-26 08:18:41.864] [exthost] [error] Error: ValueError: `column` parameter (1) is not in a valid range (0-0) for line 8 ('').
    at /home/ff/.vscode-oss/extensions/ms-python.python-2022.2.1924087327/out/client/extension.js:67:139263
    at /home/ff/.vscode-oss/extensions/ms-python.python-2022.2.1924087327/out/client/extension.js:67:139557
    at Immediate.<anonymous> (/home/ff/.vscode-oss/extensions/ms-python.python-2022.2.1924087327/out/client/extension.js:67:139920)
    at processImmediate (internal/timers.js:461:21)
[2022-03-26 08:18:47.237] [exthost] [error] [ms-python.python] provider FAILED
[2022-03-26 08:18:47.237] [exthost] [error] Error: ValueError: `column` parameter (1) is not in a valid range (0-0) for line 6 ('').
    at /home/ff/.vscode-oss/extensions/ms-python.python-2022.2.1924087327/out/client/extension.js:67:139263
    at /home/ff/.vscode-oss/extensions/ms-python.python-2022.2.1924087327/out/client/extension.js:67:139557
    at Immediate.<anonymous> (/home/ff/.vscode-oss/extensions/ms-python.python-2022.2.1924087327/out/client/extension.js:67:139920)
    at processImmediate (internal/timers.js:461:21)
[2022-03-26 08:18:47.639] [exthost] [error] [ms-python.python] provider FAILED
[2022-03-26 08:18:47.640] [exthost] [error] Error: ValueError: `column` parameter (1) is not in a valid range (0-0) for line 6 ('').
    at /home/ff/.vscode-oss/extensions/ms-python.python-2022.2.1924087327/out/client/extension.js:67:139263
    at /home/ff/.vscode-oss/extensions/ms-python.python-2022.2.1924087327/out/client/extension.js:67:139557
    at Immediate.<anonymous> (/home/ff/.vscode-oss/extensions/ms-python.python-2022.2.1924087327/out/client/extension.js:67:139920)
    at processImmediate (internal/timers.js:461:21)
[2022-03-26 09:04:50.538] [exthost] [error] [ms-python.python] provider FAILED
[2022-03-26 09:04:50.539] [exthost] [error] Error: ValueError: `column` parameter (1) is not in a valid range (0-0) for line 10 ('\n').
    at /home/ff/.vscode-oss/extensions/ms-python.python-2022.2.1924087327/out/client/extension.js:67:139263
    at /home/ff/.vscode-oss/extensions/ms-python.python-2022.2.1924087327/out/client/extension.js:67:139557
    at Immediate.<anonymous> (/home/ff/.vscode-oss/extensions/ms-python.python-2022.2.1924087327/out/client/extension.js:67:139920)
    at processImmediate (internal/timers.js:461:21)
[2022-03-26 09:04:53.487] [exthost] [error] [ms-python.python] provider FAILED
[2022-03-26 09:04:53.487] [exthost] [error] Error: ValueError: `column` parameter (1) is not in a valid range (0-0) for line 10 ('\n').
    at /home/ff/.vscode-oss/extensions/ms-python.python-2022.2.1924087327/out/client/extension.js:67:139263
    at /home/ff/.vscode-oss/extensions/ms-python.python-2022.2.1924087327/out/client/extension.js:67:139557
    at Immediate.<anonymous> (/home/ff/.vscode-oss/extensions/ms-python.python-2022.2.1924087327/out/client/extension.js:67:139920)
    at processImmediate (internal/timers.js:461:21)
[2022-03-26 09:05:07.570] [exthost] [error] [ms-python.python] provider FAILED
[2022-03-26 09:05:07.572] [exthost] [error] Error: ValueError: `column` parameter (1) is not in a valid range (0-0) for line 10 ('\n').
    at /home/ff/.vscode-oss/extensions/ms-python.python-2022.2.1924087327/out/client/extension.js:67:139263
    at /home/ff/.vscode-oss/extensions/ms-python.python-2022.2.1924087327/out/client/extension.js:67:139557
    at Immediate.<anonymous> (/home/ff/.vscode-oss/extensions/ms-python.python-2022.2.1924087327/out/client/extension.js:67:139920)
    at processImmediate (internal/timers.js:461:21)
[2022-03-26 09:05:08.237] [exthost] [error] [ms-python.python] provider FAILED
[2022-03-26 09:05:08.238] [exthost] [error] Error: ValueError: `column` parameter (1) is not in a valid range (0-0) for line 11 ('').
    at /home/ff/.vscode-oss/extensions/ms-python.python-2022.2.1924087327/out/client/extension.js:67:139263
    at /home/ff/.vscode-oss/extensions/ms-python.python-2022.2.1924087327/out/client/extension.js:67:139557
    at Immediate.<anonymous> (/home/ff/.vscode-oss/extensions/ms-python.python-2022.2.1924087327/out/client/extension.js:67:139920)
    at processImmediate (internal/timers.js:461:21)
[2022-03-26 09:05:30.777] [exthost] [info] extension host terminating: renderer closed the socket
[2022-03-26 09:05:30.955] [exthost] [info] Extension host with pid 140183 exiting with code 0
[2022-03-26 09:05:41.377] [exthost] [info] Extension host with pid 150352 started
[2022-03-26 09:05:43.293] [exthost] [info] ExtensionService#_doActivateExtension vscode.debug-auto-launch, startup: true, activationEvent: '*'
[2022-03-26 09:05:43.332] [exthost] [info] ExtensionService#_doActivateExtension vscode.git-base, startup: true, activationEvent: '*', root cause: vscode.github
[2022-03-26 09:05:43.352] [exthost] [info] ExtensionService#_doActivateExtension vscode.ipynb, startup: true, activationEvent: '*'
[2022-03-26 09:05:43.371] [exthost] [info] ExtensionService#_doActivateExtension vscodevim.vim, startup: true, activationEvent: '*'
[2022-03-26 09:05:44.914] [exthost] [info] ExtensionService#_doActivateExtension ms-python.python, startup: false, activationEvent: 'onLanguage:python'
[2022-03-26 09:05:46.345] [exthost] [info] ExtensionService#_doActivateExtension ms-toolsai.jupyter, startup: false, activationEvent: 'onLanguage:python'
[2022-03-26 09:05:47.756] [exthost] [info] ExtensionService#_doActivateExtension vscode.git, startup: true, activationEvent: '*'
[2022-03-26 09:05:47.818] [exthost] [info] ExtensionService#_doActivateExtension vscode.github, startup: true, activationEvent: '*'
[2022-03-26 09:05:49.578] [exthost] [info] Eager extensions activated
[2022-03-26 09:05:49.905] [exthost] [info] ExtensionService#_doActivateExtension vscode.emmet, startup: false, activationEvent: 'onStartupFinished'
[2022-03-26 09:05:49.959] [exthost] [info] ExtensionService#_doActivateExtension vscode.merge-conflict, startup: false, activationEvent: 'onStartupFinished'
[2022-03-26 09:39:17.556] [exthost] [info] extension host terminating: renderer closed the socket
[2022-03-26 09:39:17.687] [exthost] [info] Extension host with pid 150352 exiting with code 0
