[2022-03-27 07:08:13.714] [main] [info] window#load: attempt to load window (id: 1)
[2022-03-27 07:08:13.765] [main] [info] update#setState idle
[2022-03-27 07:08:13.934] [main] [info] ExtensionHostStarterWorker created
[2022-03-27 07:08:20.050] [main] [info] window#load: window reported ready (id: 1)
[2022-03-27 07:08:21.438] [main] [info] Starting extension host with pid 4769 (fork() took 35 ms).
[2022-03-27 07:08:21.446] [main] [info] ExtensionHostStarterWorker.start() took 65 ms.
[2022-03-27 07:08:43.766] [main] [info] update#setState checking for updates
[2022-03-27 07:08:44.479] [main] [info] update#setState idle
[2022-03-27 07:13:12.063] [main] [info] window#load: attempt to load window (id: 1)
[2022-03-27 07:13:13.751] [main] [info] Extension host with pid 4769 exited with code: 0, signal: null.
[2022-03-27 07:13:18.129] [main] [info] window#load: window reported ready (id: 1)
[2022-03-27 07:13:19.775] [main] [info] Starting extension host with pid 6627 (fork() took 20 ms).
[2022-03-27 07:13:19.777] [main] [info] ExtensionHostStarterWorker.start() took 37 ms.
[2022-03-27 08:08:43.799] [main] [info] update#setState checking for updates
[2022-03-27 08:08:44.443] [main] [info] update#setState idle
[2022-03-27 09:08:43.875] [main] [info] update#setState checking for updates
[2022-03-27 09:08:44.309] [main] [info] update#setState idle
[2022-03-27 10:08:43.896] [main] [info] update#setState checking for updates
[2022-03-27 10:08:44.306] [main] [info] update#setState idle
[2022-03-27 11:08:43.911] [main] [info] update#setState checking for updates
[2022-03-27 11:08:44.347] [main] [info] update#setState idle
[2022-03-27 12:08:43.931] [main] [info] update#setState checking for updates
[2022-03-27 12:08:44.610] [main] [info] update#setState idle
[2022-03-27 13:08:44.044] [main] [info] update#setState checking for updates
[2022-03-27 13:08:44.460] [main] [info] update#setState idle
[2022-03-27 14:05:10.874] [main] [info] Waiting for extension host with pid 6627 to exit.
[2022-03-27 14:05:11.514] [main] [info] Extension host with pid 6627 exited with code: 0, signal: null.
