VSCodium (1.66.0, undefined, desktop)
Jupyter Extension Version: 2022.3.1000901801.
Python Extension Version: 2022.2.1924087327.
Workspace folder ~/d/clients/hari
Info 19:46:38: ZMQ install verified.
Error 19:46:38: extension activation failed Error: Extension 'ms-toolsai.jupyter' CANNOT use API proposal: notebookEditor.
Its package.json#enabledApiProposals-property declares:  but NOT notebookEditor.
 The missing proposal MUST be added and you must start in extension development mode or use the following command line switch: --enable-proposed-api ms-toolsai.jupyter
    at g (/opt/vscodium-bin/resources/app/out/vs/workbench/api/node/extensionHostProcess.js:83:66154)
    at Object.onDidChangeCellMetadata (/opt/vscodium-bin/resources/app/out/vs/workbench/api/node/extensionHostProcess.js:99:52439)
    at u.addEventHandlers (/home/ff/.vscode-oss/extensions/ms-toolsai.jupyter-2022.3.1000901801/out/extension.js:2:735175)
    at new u (/home/ff/.vscode-oss/extensions/ms-toolsai.jupyter-2022.3.1000901801/out/extension.js:2:733840)
    at Object.t.resolveInstance (/home/ff/.vscode-oss/extensions/ms-toolsai.jupyter-2022.3.1000901801/out/extension.js:2:2667221)
    at /home/ff/.vscode-oss/extensions/ms-toolsai.jupyter-2022.3.1000901801/out/extension.js:2:2669159
    at Array.map (<anonymous>)
    at Object.t.resolveInstance (/home/ff/.vscode-oss/extensions/ms-toolsai.jupyter-2022.3.1000901801/out/extension.js:2:2666995)
    at /home/ff/.vscode-oss/extensions/ms-toolsai.jupyter-2022.3.1000901801/out/extension.js:2:2669159
    at Object.t.resolve (/home/ff/.vscode-oss/extensions/ms-toolsai.jupyter-2022.3.1000901801/out/extension.js:2:2669422)
    at /home/ff/.vscode-oss/extensions/ms-toolsai.jupyter-2022.3.1000901801/out/extension.js:2:2652835
    at e._get (/home/ff/.vscode-oss/extensions/ms-toolsai.jupyter-2022.3.1000901801/out/extension.js:2:2652601)
    at e.get (/home/ff/.vscode-oss/extensions/ms-toolsai.jupyter-2022.3.1000901801/out/extension.js:2:2651244)
    at e.dynamicValue (/home/ff/.vscode-oss/extensions/ms-toolsai.jupyter-2022.3.1000901801/out/extension.js:2:2674821)
    at /home/ff/.vscode-oss/extensions/ms-toolsai.jupyter-2022.3.1000901801/out/extension.js:2:2668648
    at c (/home/ff/.vscode-oss/extensions/ms-toolsai.jupyter-2022.3.1000901801/out/extension.js:2:2667664)
    at /home/ff/.vscode-oss/extensions/ms-toolsai.jupyter-2022.3.1000901801/out/extension.js:2:2668588
    at /home/ff/.vscode-oss/extensions/ms-toolsai.jupyter-2022.3.1000901801/out/extension.js:2:2668077
    at Array.map (<anonymous>)
    at /home/ff/.vscode-oss/extensions/ms-toolsai.jupyter-2022.3.1000901801/out/extension.js:2:2668049
    at Array.map (<anonymous>)
    at Object.t.resolveInstance (/home/ff/.vscode-oss/extensions/ms-toolsai.jupyter-2022.3.1000901801/out/extension.js:2:2666995)
    at /home/ff/.vscode-oss/extensions/ms-toolsai.jupyter-2022.3.1000901801/out/extension.js:2:2669159
    at Object.t.resolve (/home/ff/.vscode-oss/extensions/ms-toolsai.jupyter-2022.3.1000901801/out/extension.js:2:2669422)
    at /home/ff/.vscode-oss/extensions/ms-toolsai.jupyter-2022.3.1000901801/out/extension.js:2:2652835
    at e._get (/home/ff/.vscode-oss/extensions/ms-toolsai.jupyter-2022.3.1000901801/out/extension.js:2:2652601)
    at e.get (/home/ff/.vscode-oss/extensions/ms-toolsai.jupyter-2022.3.1000901801/out/extension.js:2:2651244)
    at a.get (/home/ff/.vscode-oss/extensions/ms-toolsai.jupyter-2022.3.1000901801/out/extension.js:2:1109349)
    at /home/ff/.vscode-oss/extensions/ms-toolsai.jupyter-2022.3.1000901801/out/extension.js:2:4538183
    at processTicksAndRejections (node:internal/process/task_queues:96:5)
    at /home/ff/.vscode-oss/extensions/ms-toolsai.jupyter-2022.3.1000901801/out/extension.js:2:4535892
    at e.activate (/home/ff/.vscode-oss/extensions/ms-toolsai.jupyter-2022.3.1000901801/out/extension.js:2:4535127)
    at g._activate (/opt/vscodium-bin/resources/app/out/vs/workbench/api/node/extensionHostProcess.js:85:8154)
    at g._waitForDepsThenActivate (/opt/vscodium-bin/resources/app/out/vs/workbench/api/node/extensionHostProcess.js:85:8096)
    at g._initialize (/opt/vscodium-bin/resources/app/out/vs/workbench/api/node/extensionHostProcess.js:85:7460)
Error 19:46:38: Failed to active the Jupyter Extension Error: Extension 'ms-toolsai.jupyter' CANNOT use API proposal: notebookEditor.
Its package.json#enabledApiProposals-property declares:  but NOT notebookEditor.
 The missing proposal MUST be added and you must start in extension development mode or use the following command line switch: --enable-proposed-api ms-toolsai.jupyter
    at g (/opt/vscodium-bin/resources/app/out/vs/workbench/api/node/extensionHostProcess.js:83:66154)
    at Object.onDidChangeCellMetadata (/opt/vscodium-bin/resources/app/out/vs/workbench/api/node/extensionHostProcess.js:99:52439)
    at u.addEventHandlers (/home/ff/.vscode-oss/extensions/ms-toolsai.jupyter-2022.3.1000901801/out/extension.js:2:735175)
    at new u (/home/ff/.vscode-oss/extensions/ms-toolsai.jupyter-2022.3.1000901801/out/extension.js:2:733840)
    at Object.t.resolveInstance (/home/ff/.vscode-oss/extensions/ms-toolsai.jupyter-2022.3.1000901801/out/extension.js:2:2667221)
    at /home/ff/.vscode-oss/extensions/ms-toolsai.jupyter-2022.3.1000901801/out/extension.js:2:2669159
    at Array.map (<anonymous>)
    at Object.t.resolveInstance (/home/ff/.vscode-oss/extensions/ms-toolsai.jupyter-2022.3.1000901801/out/extension.js:2:2666995)
    at /home/ff/.vscode-oss/extensions/ms-toolsai.jupyter-2022.3.1000901801/out/extension.js:2:2669159
    at Object.t.resolve (/home/ff/.vscode-oss/extensions/ms-toolsai.jupyter-2022.3.1000901801/out/extension.js:2:2669422)
    at /home/ff/.vscode-oss/extensions/ms-toolsai.jupyter-2022.3.1000901801/out/extension.js:2:2652835
    at e._get (/home/ff/.vscode-oss/extensions/ms-toolsai.jupyter-2022.3.1000901801/out/extension.js:2:2652601)
    at e.get (/home/ff/.vscode-oss/extensions/ms-toolsai.jupyter-2022.3.1000901801/out/extension.js:2:2651244)
    at e.dynamicValue (/home/ff/.vscode-oss/extensions/ms-toolsai.jupyter-2022.3.1000901801/out/extension.js:2:2674821)
    at /home/ff/.vscode-oss/extensions/ms-toolsai.jupyter-2022.3.1000901801/out/extension.js:2:2668648
    at c (/home/ff/.vscode-oss/extensions/ms-toolsai.jupyter-2022.3.1000901801/out/extension.js:2:2667664)
    at /home/ff/.vscode-oss/extensions/ms-toolsai.jupyter-2022.3.1000901801/out/extension.js:2:2668588
    at /home/ff/.vscode-oss/extensions/ms-toolsai.jupyter-2022.3.1000901801/out/extension.js:2:2668077
    at Array.map (<anonymous>)
    at /home/ff/.vscode-oss/extensions/ms-toolsai.jupyter-2022.3.1000901801/out/extension.js:2:2668049
    at Array.map (<anonymous>)
    at Object.t.resolveInstance (/home/ff/.vscode-oss/extensions/ms-toolsai.jupyter-2022.3.1000901801/out/extension.js:2:2666995)
    at /home/ff/.vscode-oss/extensions/ms-toolsai.jupyter-2022.3.1000901801/out/extension.js:2:2669159
    at Object.t.resolve (/home/ff/.vscode-oss/extensions/ms-toolsai.jupyter-2022.3.1000901801/out/extension.js:2:2669422)
    at /home/ff/.vscode-oss/extensions/ms-toolsai.jupyter-2022.3.1000901801/out/extension.js:2:2652835
    at e._get (/home/ff/.vscode-oss/extensions/ms-toolsai.jupyter-2022.3.1000901801/out/extension.js:2:2652601)
    at e.get (/home/ff/.vscode-oss/extensions/ms-toolsai.jupyter-2022.3.1000901801/out/extension.js:2:2651244)
    at a.get (/home/ff/.vscode-oss/extensions/ms-toolsai.jupyter-2022.3.1000901801/out/extension.js:2:1109349)
    at /home/ff/.vscode-oss/extensions/ms-toolsai.jupyter-2022.3.1000901801/out/extension.js:2:4538183
    at processTicksAndRejections (node:internal/process/task_queues:96:5)
    at /home/ff/.vscode-oss/extensions/ms-toolsai.jupyter-2022.3.1000901801/out/extension.js:2:4535892
    at e.activate (/home/ff/.vscode-oss/extensions/ms-toolsai.jupyter-2022.3.1000901801/out/extension.js:2:4535127)
    at g._activate (/opt/vscodium-bin/resources/app/out/vs/workbench/api/node/extensionHostProcess.js:85:8154)
    at g._waitForDepsThenActivate (/opt/vscodium-bin/resources/app/out/vs/workbench/api/node/extensionHostProcess.js:85:8096)
    at g._initialize (/opt/vscodium-bin/resources/app/out/vs/workbench/api/node/extensionHostProcess.js:85:7460)
