[2022-03-31 08:01:23.451] [exthost] [info] Extension host with pid 226830 started
[2022-03-31 08:01:23.451] [exthost] [info] Skipping acquiring lock for /home/ff/.config/VSCodium/User/workspaceStorage/33573b89c1a4c7591cd38fa888e91f6d.
[2022-03-31 08:01:25.269] [exthost] [info] ExtensionService#_doActivateExtension ms-python.python, startup: false, activationEvent: 'onLanguage:python'
[2022-03-31 08:01:26.393] [exthost] [info] ExtensionService#_doActivateExtension ms-toolsai.jupyter, startup: false, activationEvent: 'onLanguage:python'
[2022-03-31 08:01:27.020] [exthost] [info] ExtensionService#_doActivateExtension vscode.debug-auto-launch, startup: true, activationEvent: '*'
[2022-03-31 08:01:27.061] [exthost] [info] ExtensionService#_doActivateExtension vscode.git-base, startup: true, activationEvent: '*', root cause: vscode.github
[2022-03-31 08:01:27.090] [exthost] [info] ExtensionService#_doActivateExtension vscode.ipynb, startup: true, activationEvent: '*'
[2022-03-31 08:01:27.111] [exthost] [info] ExtensionService#_doActivateExtension vscodevim.vim, startup: true, activationEvent: '*'
[2022-03-31 08:01:32.610] [exthost] [info] ExtensionService#_doActivateExtension vscode.git, startup: true, activationEvent: '*'
[2022-03-31 08:01:32.722] [exthost] [info] ExtensionService#_doActivateExtension vscode.github, startup: true, activationEvent: '*'
[2022-03-31 08:01:33.564] [exthost] [info] Eager extensions activated
[2022-03-31 08:01:33.899] [exthost] [info] ExtensionService#_doActivateExtension vscode.emmet, startup: false, activationEvent: 'onStartupFinished'
[2022-03-31 08:01:33.953] [exthost] [info] ExtensionService#_doActivateExtension vscode.merge-conflict, startup: false, activationEvent: 'onStartupFinished'
[2022-03-31 08:02:01.629] [exthost] [warning] [Decorations] CAPPING events from decorations provider vscode.git 10001
[2022-03-31 08:02:54.051] [exthost] [info] ExtensionService#_doActivateExtension vscode.debug-server-ready, startup: false, activationEvent: 'onDebugResolve'
[2022-03-31 08:09:59.713] [exthost] [error] [ms-python.python] provider FAILED
[2022-03-31 08:09:59.744] [exthost] [error] Error: UnboundLocalError: local variable 'start_index' referenced before assignment
    at /home/ff/.vscode-oss/extensions/ms-python.python-2022.2.1924087327/out/client/extension.js:67:139263
    at /home/ff/.vscode-oss/extensions/ms-python.python-2022.2.1924087327/out/client/extension.js:67:139557
    at Immediate.<anonymous> (/home/ff/.vscode-oss/extensions/ms-python.python-2022.2.1924087327/out/client/extension.js:67:139920)
    at processImmediate (internal/timers.js:461:21)
[2022-03-31 09:44:22.187] [exthost] [info] extension host terminating: renderer closed the socket
[2022-03-31 09:44:22.240] [exthost] [info] Extension host with pid 226830 exiting with code 0
