[2022-03-27 07:08:24.916] [exthost] [info] Extension host with pid 4769 started
[2022-03-27 07:08:25.824] [exthost] [info] ExtensionService#_doActivateExtension ms-python.python, startup: false, activationEvent: 'onLanguage:python'
[2022-03-27 07:08:26.996] [exthost] [info] ExtensionService#_doActivateExtension ms-toolsai.jupyter, startup: false, activationEvent: 'onLanguage:python'
[2022-03-27 07:08:27.640] [exthost] [info] ExtensionService#_doActivateExtension vscode.debug-auto-launch, startup: true, activationEvent: '*'
[2022-03-27 07:08:27.658] [exthost] [info] ExtensionService#_doActivateExtension vscode.git-base, startup: true, activationEvent: '*', root cause: vscode.github
[2022-03-27 07:08:27.690] [exthost] [info] ExtensionService#_doActivateExtension vscode.ipynb, startup: true, activationEvent: '*'
[2022-03-27 07:08:28.251] [exthost] [info] ExtensionService#_doActivateExtension vscode.git, startup: true, activationEvent: '*'
[2022-03-27 07:08:28.363] [exthost] [info] ExtensionService#_doActivateExtension vscode.github, startup: true, activationEvent: '*'
[2022-03-27 07:08:28.641] [exthost] [info] Eager extensions activated
[2022-03-27 07:08:29.347] [exthost] [info] ExtensionService#_doActivateExtension vscode.emmet, startup: false, activationEvent: 'onStartupFinished'
[2022-03-27 07:08:29.431] [exthost] [info] ExtensionService#_doActivateExtension vscode.merge-conflict, startup: false, activationEvent: 'onStartupFinished'
[2022-03-27 07:09:04.295] [exthost] [info] ExtensionService#_doActivateExtension vscodevim.vim, startup: false, activationEvent: '*'
[2022-03-27 07:13:12.062] [exthost] [info] extension host terminating: renderer closed the socket
[2022-03-27 07:13:13.695] [exthost] [error] TypeError: r.some is not a function
    at Function.saveToDisk (/home/ff/.vscode-oss/extensions/vscodevim.vim-1.22.2/src/register/register.ts:350:30)
    at Object.e.deactivate (/home/ff/.vscode-oss/extensions/vscodevim.vim-1.22.2/extension.ts:65:18)
    at d._deactivate (/opt/vscodium-bin/resources/app/out/vs/workbench/api/node/extensionHostProcess.js:90:11702)
    at /opt/vscodium-bin/resources/app/out/vs/workbench/api/node/extensionHostProcess.js:90:10226
    at Array.map (<anonymous>)
    at deactivateAll (/opt/vscodium-bin/resources/app/out/vs/workbench/api/node/extensionHostProcess.js:90:10214)
    at S.terminate (/opt/vscodium-bin/resources/app/out/vs/workbench/api/node/extensionHostProcess.js:94:880)
    at c (/opt/vscodium-bin/resources/app/out/vs/workbench/api/node/extensionHostProcess.js:104:36242)
    at Socket.<anonymous> (/opt/vscodium-bin/resources/app/out/vs/workbench/api/node/extensionHostProcess.js:104:33937)
    at Socket.emit (events.js:327:22)
    at Pipe.<anonymous> (net.js:673:12)
[2022-03-27 07:13:13.698] [exthost] [info] Extension host with pid 4769 exiting with code 0
[2022-03-27 07:13:23.008] [exthost] [info] Extension host with pid 6627 started
[2022-03-27 07:13:23.008] [exthost] [info] Skipping acquiring lock for /home/ff/.config/VSCodium/User/workspaceStorage/8425af8e40a8c13fdf26a109b89affab.
[2022-03-27 07:13:23.640] [exthost] [info] ExtensionService#_doActivateExtension vscode.debug-auto-launch, startup: true, activationEvent: '*'
[2022-03-27 07:13:23.657] [exthost] [info] ExtensionService#_doActivateExtension vscode.git-base, startup: true, activationEvent: '*', root cause: vscode.github
[2022-03-27 07:13:23.676] [exthost] [info] ExtensionService#_doActivateExtension vscode.ipynb, startup: true, activationEvent: '*'
[2022-03-27 07:13:23.690] [exthost] [info] ExtensionService#_doActivateExtension vscodevim.vim, startup: true, activationEvent: '*'
[2022-03-27 07:13:24.219] [exthost] [info] ExtensionService#_doActivateExtension vscode.github, startup: true, activationEvent: '*'
[2022-03-27 07:13:24.243] [exthost] [info] Eager extensions activated
[2022-03-27 07:13:24.257] [exthost] [info] ExtensionService#_doActivateExtension vscode.emmet, startup: false, activationEvent: 'onStartupFinished'
[2022-03-27 07:13:24.289] [exthost] [info] ExtensionService#_doActivateExtension vscode.merge-conflict, startup: false, activationEvent: 'onStartupFinished'
[2022-03-27 07:13:25.408] [exthost] [info] ExtensionService#_doActivateExtension vscode.git, startup: false, activationEvent: 'api', root cause: vscode.github
[2022-03-27 07:13:27.967] [exthost] [info] ExtensionService#_doActivateExtension ms-toolsai.jupyter, startup: false, activationEvent: 'onNotebook:jupyter-notebook'
[2022-03-27 07:13:30.622] [exthost] [info] ExtensionService#_doActivateExtension ms-python.python, startup: false, activationEvent: 'onLanguage:python'
[2022-03-27 14:05:10.807] [exthost] [info] extension host terminating: renderer closed the socket
[2022-03-27 14:05:11.459] [exthost] [error] TypeError: Converting circular structure to JSON
    --> starting at object with constructor 't'
    |     property '_readableState' -> object with constructor 'M'
    |     property 'pipes' -> object with constructor 'Array'
    |     index 0 -> object with constructor 't.ConsoleForElectron'
    --- property 'parent' closes the circle
    at JSON.stringify (<anonymous>)
    at /home/ff/.vscode-oss/extensions/vscodevim.vim-1.22.2/src/register/register.ts:357:16
    at runMicrotasks (<anonymous>)
    at process.async (internal/process/task_queues.js:93:5)
    at Object.e.deactivate (/home/ff/.vscode-oss/extensions/vscodevim.vim-1.22.2/extension.ts:64:8)
    at async Promise.all (index 9)
    at deactivateAll (/opt/vscodium-bin/resources/app/out/vs/workbench/api/node/extensionHostProcess.js:90:10249)
[2022-03-27 14:05:11.461] [exthost] [info] Extension host with pid 6627 exiting with code 0
