Telemetry level is off
Experiments are disabled, only manually opted experiments are active.
> conda info --json
> /bin/python ~/.vscode-oss/extensions/ms-python.python-2022.2.1924087327/pythonFiles/get_output_via_markers.py ~/.vscode-oss/extensions/ms-python.python-2022.2.1924087327/pythonFiles/interpreterInfo.py
> ~/.conda/bin/conda info --json
> ~/anaconda3/bin/conda info --json
Python interpreter path: /bin/python
> /sbin/python ~/.vscode-oss/extensions/ms-python.python-2022.2.1924087327/pythonFiles/get_output_via_markers.py ~/.vscode-oss/extensions/ms-python.python-2022.2.1924087327/pythonFiles/interpreterInfo.py
> /usr/bin/python ~/.vscode-oss/extensions/ms-python.python-2022.2.1924087327/pythonFiles/get_output_via_markers.py ~/.vscode-oss/extensions/ms-python.python-2022.2.1924087327/pythonFiles/interpreterInfo.py
> /usr/sbin/python ~/.vscode-oss/extensions/ms-python.python-2022.2.1924087327/pythonFiles/get_output_via_markers.py ~/.vscode-oss/extensions/ms-python.python-2022.2.1924087327/pythonFiles/interpreterInfo.py
> ~/anaconda3/bin/python ~/.vscode-oss/extensions/ms-python.python-2022.2.1924087327/pythonFiles/get_output_via_markers.py ~/.vscode-oss/extensions/ms-python.python-2022.2.1924087327/pythonFiles/interpreterInfo.py
[ERROR 2022-3-5 18:51:15.667]: [
  'Failed to activate a workspace, Class name = f, completed in 3592ms, has a falsy return value, Arg 1: <Uri:/home/ff/d/clients/hari/khalsahp10main.py>, Return Value: undefined',
  [Error: Extension 'ms-python.python' CANNOT use API proposal: testObserver.
  Its package.json#enabledApiProposals-property declares:  but NOT testObserver.
   The missing proposal MUST be added and you must start in extension development mode or use the following command line switch: --enable-proposed-api ms-python.python
  	at g (/opt/vscodium-bin/resources/app/out/vs/workbench/api/node/extensionHostProcess.js:83:66154)
  	at Object.get testResults [as testResults] (/opt/vscodium-bin/resources/app/out/vs/workbench/api/node/extensionHostProcess.js:99:33543)
  	at w.activate (/home/ff/.vscode-oss/extensions/ms-python.python-2022.2.1924087327/out/client/extension.js:85:74911)
  	at /home/ff/.vscode-oss/extensions/ms-python.python-2022.2.1924087327/out/client/extension.js:67:87919
  	at Array.map (<anonymous>)
  	at f.activateWorkspace (/home/ff/.vscode-oss/extensions/ms-python.python-2022.2.1924087327/out/client/extension.js:67:87910)
  	at processTicksAndRejections (node:internal/process/task_queues:96:5)]
]
[ERROR 2022-3-5 18:51:15.674]: Failure during activation. [Error: Extension 'ms-python.python' CANNOT use API proposal: testObserver.
Its package.json#enabledApiProposals-property declares:  but NOT testObserver.
 The missing proposal MUST be added and you must start in extension development mode or use the following command line switch: --enable-proposed-api ms-python.python
	at g (/opt/vscodium-bin/resources/app/out/vs/workbench/api/node/extensionHostProcess.js:83:66154)
	at Object.get testResults [as testResults] (/opt/vscodium-bin/resources/app/out/vs/workbench/api/node/extensionHostProcess.js:99:33543)
	at w.activate (/home/ff/.vscode-oss/extensions/ms-python.python-2022.2.1924087327/out/client/extension.js:85:74911)
	at /home/ff/.vscode-oss/extensions/ms-python.python-2022.2.1924087327/out/client/extension.js:67:87919
	at Array.map (<anonymous>)
	at f.activateWorkspace (/home/ff/.vscode-oss/extensions/ms-python.python-2022.2.1924087327/out/client/extension.js:67:87910)
	at processTicksAndRejections (node:internal/process/task_queues:96:5)]
[ERROR 2022-3-5 18:51:15.674]: sendStartupTelemetry() failed. [Error: Extension 'ms-python.python' CANNOT use API proposal: testObserver.
Its package.json#enabledApiProposals-property declares:  but NOT testObserver.
 The missing proposal MUST be added and you must start in extension development mode or use the following command line switch: --enable-proposed-api ms-python.python
	at g (/opt/vscodium-bin/resources/app/out/vs/workbench/api/node/extensionHostProcess.js:83:66154)
	at Object.get testResults [as testResults] (/opt/vscodium-bin/resources/app/out/vs/workbench/api/node/extensionHostProcess.js:99:33543)
	at w.activate (/home/ff/.vscode-oss/extensions/ms-python.python-2022.2.1924087327/out/client/extension.js:85:74911)
	at /home/ff/.vscode-oss/extensions/ms-python.python-2022.2.1924087327/out/client/extension.js:67:87919
	at Array.map (<anonymous>)
	at f.activateWorkspace (/home/ff/.vscode-oss/extensions/ms-python.python-2022.2.1924087327/out/client/extension.js:67:87910)
	at processTicksAndRejections (node:internal/process/task_queues:96:5)]
Starting Jedi language server.
