Telemetry level is off
Experiments are disabled, only manually opted experiments are active.
> conda info --json
> /bin/python ~/.vscode-oss/extensions/ms-python.python-2022.2.1924087327/pythonFiles/get_output_via_markers.py ~/.vscode-oss/extensions/ms-python.python-2022.2.1924087327/pythonFiles/interpreterInfo.py
Python interpreter path: /bin/python
> /sbin/python ~/.vscode-oss/extensions/ms-python.python-2022.2.1924087327/pythonFiles/get_output_via_markers.py ~/.vscode-oss/extensions/ms-python.python-2022.2.1924087327/pythonFiles/interpreterInfo.py
> /usr/bin/python ~/.vscode-oss/extensions/ms-python.python-2022.2.1924087327/pythonFiles/get_output_via_markers.py ~/.vscode-oss/extensions/ms-python.python-2022.2.1924087327/pythonFiles/interpreterInfo.py
> /usr/sbin/python ~/.vscode-oss/extensions/ms-python.python-2022.2.1924087327/pythonFiles/get_output_via_markers.py ~/.vscode-oss/extensions/ms-python.python-2022.2.1924087327/pythonFiles/interpreterInfo.py
> ~/anaconda3/bin/python ~/.vscode-oss/extensions/ms-python.python-2022.2.1924087327/pythonFiles/get_output_via_markers.py ~/.vscode-oss/extensions/ms-python.python-2022.2.1924087327/pythonFiles/interpreterInfo.py
Starting Jedi language server.
DAP Server launched with command: /bin/python /home/ff/.vscode-oss/extensions/ms-python.python-2022.2.1924087327/pythonFiles/lib/python/debugpy/adapter
DAP Server launched with command: /bin/python /home/ff/.vscode-oss/extensions/ms-python.python-2022.2.1924087327/pythonFiles/lib/python/debugpy/adapter
DAP Server launched with command: /bin/python /home/ff/.vscode-oss/extensions/ms-python.python-2022.2.1924087327/pythonFiles/lib/python/debugpy/adapter
DAP Server launched with command: /bin/python /home/ff/.vscode-oss/extensions/ms-python.python-2022.2.1924087327/pythonFiles/lib/python/debugpy/adapter
DAP Server launched with command: /bin/python /home/ff/.vscode-oss/extensions/ms-python.python-2022.2.1924087327/pythonFiles/lib/python/debugpy/adapter
DAP Server launched with command: /bin/python /home/ff/.vscode-oss/extensions/ms-python.python-2022.2.1924087327/pythonFiles/lib/python/debugpy/adapter
DAP Server launched with command: /bin/python /home/ff/.vscode-oss/extensions/ms-python.python-2022.2.1924087327/pythonFiles/lib/python/debugpy/adapter
DAP Server launched with command: /bin/python /home/ff/.vscode-oss/extensions/ms-python.python-2022.2.1924087327/pythonFiles/lib/python/debugpy/adapter
> /bin/python -m autopep8 --diff --line-range 6 7 ./quiz3debug.py
cwd: .
> /bin/python -m autopep8 --diff --line-range 16 16 ./quiz3debug.py.e948536c4f5de6bc3c5c2234bf0cf4b4.tmp
cwd: .
DAP Server launched with command: /bin/python /home/ff/.vscode-oss/extensions/ms-python.python-2022.2.1924087327/pythonFiles/lib/python/debugpy/adapter
