VSCodium (1.65.2, undefined, desktop)
Jupyter Extension Version: 2022.3.1000752054.
Python Extension Version: 2022.2.1924087327.
Info 07:13:32: ZMQ install verified.
Info 07:13:34: Preferred kernel connection found in cache .jvsc74a57bd0c0f07d335d4c87f1c9359258f96017867debba305c0543e49bb1cc81df68884c./home/ff/anaconda3/python./home/ff/anaconda3/python.-m#ipykernel_launcher
Info 07:13:34: PreferredConnection: .jvsc74a57bd0c0f07d335d4c87f1c9359258f96017867debba305c0543e49bb1cc81df68884c./home/ff/anaconda3/python./home/ff/anaconda3/python.-m#ipykernel_launcher found for NotebookDocument: ~/d/python/data_analysis/google_play_store.ipynb
Info 07:13:34: Early registration of controller for Kernel connection .jvsc74a57bd0c0f07d335d4c87f1c9359258f96017867debba305c0543e49bb1cc81df68884c./home/ff/anaconda3/python./home/ff/anaconda3/python.-m#ipykernel_launcher
Info 07:13:34: TargetController found ID: .jvsc74a57bd0c0f07d335d4c87f1c9359258f96017867debba305c0543e49bb1cc81df68884c./home/ff/anaconda3/python./home/ff/anaconda3/python.-m#ipykernel_launcher for document ~/d/python/data_analysis/google_play_store.ipynb
Info 07:13:34: Setting controller affinity for ~/d/python/data_analysis/google_play_store.ipynb .jvsc74a57bd0c0f07d335d4c87f1c9359258f96017867debba305c0543e49bb1cc81df68884c./home/ff/anaconda3/python./home/ff/anaconda3/python.-m#ipykernel_launcher
Info 07:13:34: Experiment status for python is {"enabled":true,"optInto":[],"optOutFrom":[]}
Info 07:13:35: Creating controller for jupyter-notebook with interpreter /bin/python
Info 07:13:35: Getting activation commands for /bin/python are not cached. May take a while.
Error 07:13:36: Live Notebook not available for ~/d/python/data_analysis/google_play_store.ipynb
Info 07:13:36: Process Execution: > /bin/python -m pip list
> /bin/python -m pip list
Error 07:13:36: Live Notebook not available for ~/d/python/data_analysis/google_play_store.ipynb
Error 07:13:37: Live Notebook not available for ~/d/python/data_analysis/google_play_store.ipynb
Info 07:13:41: Got activated conda env vars ourselves for ~/anaconda3/bin/python in 5666
Info 07:13:41: Process Execution: > ~/anaconda3/bin/python -m pip list
> ~/anaconda3/bin/python -m pip list
Error 07:13:53: Live Notebook not available for ~/d/python/data_analysis/google_play_store.ipynb
Info 07:14:15: Interrupt requested & no kernel.
Info 07:14:15: Setting setActiveController for ~/d/python/data_analysis/google_play_store.ipynb
Info 07:14:15: Execute Cells request 1
Info 07:14:15: Execute Cell 1 ~/d/python/data_analysis/google_play_store.ipynb
Info 07:14:15: Starting Notebook in kernel.ts id = .jvsc74a57bd0c0f07d335d4c87f1c9359258f96017867debba305c0543e49bb1cc81df68884c./home/ff/anaconda3/python./home/ff/anaconda3/python.-m#ipykernel_launcher
Info 07:14:15: Creating raw notebook for ~/d/python/data_analysis/google_play_store.ipynb
Info 07:14:15: Getting preferred kernel for ~/d/python/data_analysis/google_play_store.ipynb
Info 07:14:15: Computing working directory ~/d/python/data_analysis/google_play_store.ipynb
Info 07:14:15: KernelProvider switched kernel to id = .jvsc74a57bd0c0f07d335d4c87f1c9359258f96017867debba305c0543e49bb1cc81df68884c./home/ff/anaconda3/python./home/ff/anaconda3/python.-m#ipykernel_launcher
Info 07:14:15: Starting raw kernel base (Python 3.9.7) for interpreter ~/anaconda3/bin/python
Info 07:14:15: Kernel launching with ports 9000,9001,9002,9003,9004. Start port is 9000
Info 07:14:17: Process Execution: > ~/anaconda3/bin/python -c "import ipykernel; print(ipykernel.__version__); print("5dc3a68c-e34e-4080-9c3e-2a532b2ccb4d"); print(ipykernel.__file__)"
> ~/anaconda3/bin/python -c "import ipykernel; print(ipykernel.__version__); print("5dc3a68c-e34e-4080-9c3e-2a532b2ccb4d"); print(ipykernel.__file__)"
Info 07:14:17: Adding env Variable PYTHONNOUSERSITE to ~/anaconda3/bin/python
Info 07:14:17: Process Execution: > ~/anaconda3/bin/python -m ipykernel_launcher --ip=127.0.0.1 --stdin=9003 --control=9001 --hb=9000 --Session.signature_scheme="hmac-sha256" --Session.key=b"c80f689d-a533-439a-b404-605b2bcfe662" --shell=9002 --transport="tcp" --iopub=9004 --f=/tmp/tmp-66279IHTOe4NEgRY.json
> ~/anaconda3/bin/python -m ipykernel_launcher --ip=127.0.0.1 --stdin=9003 --control=9001 --hb=9000 --Session.signature_scheme="hmac-sha256" --Session.key=b"c80f689d-a533-439a-b404-605b2bcfe662" --shell=9002 --transport="tcp" --iopub=9004 --f=/tmp/tmp-66279IHTOe4NEgRY.json
Info 07:14:17: Process Execution: cwd: ~/d/python/data_analysis
cwd: ~/d/python/data_analysis
Info 07:14:20: ipykernel version 6.4.1 for ~/anaconda3/bin/python
Info 07:14:20: ipykernel location ~/anaconda3/lib/python3.9/site-packages/ipykernel/__init__.py for ~/anaconda3/bin/python
Warn 07:14:24: StdErr from Kernel Process /home/ff/anaconda3/lib/python3.9/site-packages/traitlets/traitlets.py:2202: FutureWarning: Supporting extra quotes around strings is deprecated in traitlets 5.0. You can use 'hmac-sha256' instead of '"hmac-sha256"' if you require traitlets >=5.
  warn(

Warn 07:14:24: StdErr from Kernel Process /home/ff/anaconda3/lib/python3.9/site-packages/traitlets/traitlets.py:2157: FutureWarning: Supporting extra quotes around Bytes is deprecated in traitlets 5.0. Use 'c80f689d-a533-439a-b404-605b2bcfe662' instead of 'b"c80f689d-a533-439a-b404-605b2bcfe662"'.
  warn(

Info 07:14:24: Kernel Output: NOTE: When using the `ipython kernel` entry point, Ctrl-C will not work.

To exit, you will have to explicitly quit this process, by either sending
"quit" from a client, or using Ctrl-\ in UNIX-like environments.

To read more about this, see https://github.com/ipython/ipython/issues/2049


Info 07:14:24: Kernel Output: NOTE: When using the `ipython kernel` entry point, Ctrl-C will not work.

To exit, you will have to explicitly quit this process, by either sending
"quit" from a client, or using Ctrl-\ in UNIX-like environments.

To read more about this, see https://github.com/ipython/ipython/issues/2049



Info 07:14:24: Kernel Output: NOTE: When using the `ipython kernel` entry point, Ctrl-C will not work.

To exit, you will have to explicitly quit this process, by either sending
"quit" from a client, or using Ctrl-\ in UNIX-like environments.

To read more about this, see https://github.com/ipython/ipython/issues/2049


To connect another client to this kernel, use:
Info 07:14:24: Kernel Output: NOTE: When using the `ipython kernel` entry point, Ctrl-C will not work.

To exit, you will have to explicitly quit this process, by either sending
"quit" from a client, or using Ctrl-\ in UNIX-like environments.

To read more about this, see https://github.com/ipython/ipython/issues/2049


To connect another client to this kernel, use:
    --existing /tmp/tmp-66279IHTOe4NEgRY.json

Info 07:14:25: Raw session started and connected
Started kernel base (Python 3.9.7)
Info 07:14:25: Finished connecting e4e9e344-90fc-4327-8b06-3e25032e8160
Info 07:14:25: UpdateWorkingDirectoryAndPath in Kernel
Info 07:14:25: Executing silently Code (idle) = import site\nsite.addsitedir(site.getusersitepackages())\nimport os\nimport sys\n%cd "/home/ff/d/python/
Info 07:14:25: Executing silently Code (completed) = import site\nsite.addsitedir(site.getusersitepackages())\nimport os\nimport sys\n%cd "/home/ff/d/python/
Info 07:14:25: Waiting for idle on (kernel): 3c4daa55-6fa9-4293-8beb-6b3cb928cd19 -> idle
Info 07:14:25: Finished waiting for idle on (kernel): 3c4daa55-6fa9-4293-8beb-6b3cb928cd19 -> idle
Info 07:14:26: Cancel all remaining cells true || Error
Info 07:14:26: Cancel pending cells
Info 07:14:26: Cell 1 executed with state Error
Info 07:14:29: Execute Cells request 0
Info 07:14:29: Execute Cell 0 ~/d/python/data_analysis/google_play_store.ipynb
Info 07:14:32: Cell 0 executed with state Success
Info 07:14:34: Execute Cells request 1
Info 07:14:34: Execute Cell 1 ~/d/python/data_analysis/google_play_store.ipynb
Info 07:14:34: Cell 1 executed with state Success
Info 07:14:38: Execute Cells request 1
Info 07:14:38: Execute Cell 1 ~/d/python/data_analysis/google_play_store.ipynb
Info 07:14:38: Cell 1 executed with state Success
Info 07:15:05: Execute Cells request 2
Info 07:15:05: Execute Cell 2 ~/d/python/data_analysis/google_play_store.ipynb
Info 07:15:05: Cell 2 executed with state Success
Info 07:15:44: Execute Cells request 2
Info 07:15:44: Execute Cell 2 ~/d/python/data_analysis/google_play_store.ipynb
Info 07:15:45: Cell 2 executed with state Success
Info 07:15:47: Execute Cells request 3
Info 07:15:47: Execute Cell 3 ~/d/python/data_analysis/google_play_store.ipynb
Info 07:15:47: Cell 3 executed with state Idle
Info 07:16:25: Execute Cells request 3
Info 07:16:25: Execute Cell 3 ~/d/python/data_analysis/google_play_store.ipynb
Info 07:16:26: Cancel all remaining cells true || Error
Info 07:16:26: Cancel pending cells
Info 07:16:26: Cell 3 executed with state Error
Info 07:16:33: Execute Cells request 3
Info 07:16:33: Execute Cell 3 ~/d/python/data_analysis/google_play_store.ipynb
Info 07:16:33: Cell 3 executed with state Success
Info 07:16:53: Execute Cells request 4
Info 07:16:53: Execute Cell 4 ~/d/python/data_analysis/google_play_store.ipynb
Info 07:16:54: Cell 4 executed with state Success
Info 07:17:05: Execute Cells request 4
Info 07:17:05: Execute Cell 4 ~/d/python/data_analysis/google_play_store.ipynb
Info 07:17:06: Cell 4 executed with state Success
Info 07:19:52: Execute Cells request 4
Info 07:19:52: Execute Cell 4 ~/d/python/data_analysis/google_play_store.ipynb
Info 07:19:53: Cell 4 executed with state Success
Info 07:20:36: Execute Cells request 5
Info 07:20:36: Execute Cell 5 ~/d/python/data_analysis/google_play_store.ipynb
Info 07:20:36: Cell 5 executed with state Success
Info 07:20:42: Execute Cells request 5
Info 07:20:42: Execute Cell 5 ~/d/python/data_analysis/google_play_store.ipynb
Info 07:20:42: Cell 5 executed with state Success
Info 07:23:02: Execute Cells request 6
Info 07:23:02: Execute Cell 6 ~/d/python/data_analysis/google_play_store.ipynb
Info 07:23:03: Cell 6 executed with state Success
Info 07:23:19: Execute Cells request 7
Info 07:23:19: Execute Cell 7 ~/d/python/data_analysis/google_play_store.ipynb
Info 07:23:20: Cell 7 executed with state Success
Info 07:28:12: Execute Cells request 8
Info 07:28:12: Execute Cell 8 ~/d/python/data_analysis/google_play_store.ipynb
Info 07:28:12: Cell 8 executed with state Success
Info 07:28:49: Execute Cells request 8
Info 07:28:49: Execute Cell 8 ~/d/python/data_analysis/google_play_store.ipynb
Info 07:28:49: Cancel all remaining cells true || Error
Info 07:28:49: Cancel pending cells
Info 07:28:49: Cell 8 executed with state Error
Info 07:28:56: Execute Cells request 8
Info 07:28:56: Execute Cell 8 ~/d/python/data_analysis/google_play_store.ipynb
Info 07:28:56: Cancel all remaining cells true || Error
Info 07:28:56: Cancel pending cells
Info 07:28:56: Cell 8 executed with state Error
Info 07:29:04: Execute Cells request 8
Info 07:29:04: Execute Cell 8 ~/d/python/data_analysis/google_play_store.ipynb
Info 07:29:05: Cell 8 executed with state Success
Info 07:29:20: Execute Cells request 8
Info 07:29:20: Execute Cell 8 ~/d/python/data_analysis/google_play_store.ipynb
Info 07:29:20: Cell 8 executed with state Success
Info 07:29:30: Execute Cells request 8
Info 07:29:30: Execute Cell 8 ~/d/python/data_analysis/google_play_store.ipynb
Info 07:29:30: Cell 8 executed with state Success
Info 07:29:42: Execute Cells request 8
Info 07:29:42: Execute Cell 8 ~/d/python/data_analysis/google_play_store.ipynb
Info 07:29:43: Cell 8 executed with state Success
Info 07:29:45: Execute Cells request 9
Info 07:29:45: Execute Cell 9 ~/d/python/data_analysis/google_play_store.ipynb
Info 07:29:46: Cell 9 executed with state Success
Info 07:29:49: Execute Cells request 9
Info 07:29:49: Execute Cell 9 ~/d/python/data_analysis/google_play_store.ipynb
Info 07:29:49: Cell 9 executed with state Success
Info 07:31:58: Execute Cells request 10
Info 07:31:58: Execute Cell 10 ~/d/python/data_analysis/google_play_store.ipynb
Info 07:31:59: Cancel all remaining cells true || Error
Info 07:31:59: Cancel pending cells
Info 07:31:59: Cell 10 executed with state Error
Info 07:32:10: Execute Cells request 10
Info 07:32:10: Execute Cell 10 ~/d/python/data_analysis/google_play_store.ipynb
Info 07:32:11: Cell 10 executed with state Success
Info 07:32:44: Execute Cells request 10
Info 07:32:44: Execute Cell 10 ~/d/python/data_analysis/google_play_store.ipynb
Info 07:32:44: Cell 10 executed with state Success
Info 07:34:17: Execute Cells request 11
Info 07:34:17: Execute Cell 11 ~/d/python/data_analysis/google_play_store.ipynb
Info 07:34:17: Cell 11 executed with state Success
Info 07:34:34: Execute Cells request 12
Info 07:34:34: Execute Cell 12 ~/d/python/data_analysis/google_play_store.ipynb
Info 07:34:34: Cell 12 executed with state Success
Info 07:36:19: Execute Cells request 13
Info 07:36:19: Execute Cell 13 ~/d/python/data_analysis/google_play_store.ipynb
Info 07:36:19: Cell 13 executed with state Success
Info 07:37:40: Execute Cells request 13
Info 07:37:40: Execute Cell 13 ~/d/python/data_analysis/google_play_store.ipynb
Info 07:37:41: Cell 13 executed with state Success
Info 07:38:32: Execute Cells request 15
Info 07:38:32: Execute Cell 15 ~/d/python/data_analysis/google_play_store.ipynb
Info 07:38:32: Cell 15 executed with state Success
Info 07:38:54: Execute Cells request 15
Info 07:38:54: Execute Cell 15 ~/d/python/data_analysis/google_play_store.ipynb
Info 07:38:54: Cell 15 executed with state Success
Info 07:39:57: Execute Cells request 16
Info 07:39:57: Execute Cell 16 ~/d/python/data_analysis/google_play_store.ipynb
Info 07:39:58: Cell 16 executed with state Success
Info 07:40:22: Execute Cells request 16
Info 07:40:22: Execute Cell 16 ~/d/python/data_analysis/google_play_store.ipynb
Info 07:40:22: Cell 16 executed with state Success
Info 07:40:33: Execute Cells request 16
Info 07:40:33: Execute Cell 16 ~/d/python/data_analysis/google_play_store.ipynb
Info 07:40:34: Cell 16 executed with state Success
Info 07:45:44: Execute Cells request 17
Info 07:45:44: Execute Cell 17 ~/d/python/data_analysis/google_play_store.ipynb
Info 07:45:44: Cell 17 executed with state Success
Info 07:46:38: Execute Cells request 18
Info 07:46:38: Execute Cell 18 ~/d/python/data_analysis/google_play_store.ipynb
Info 07:46:38: Cancel all remaining cells true || Error
Info 07:46:38: Cancel pending cells
Info 07:46:38: Cell 18 executed with state Error
Info 07:47:00: Execute Cells request 18
Info 07:47:00: Execute Cell 18 ~/d/python/data_analysis/google_play_store.ipynb
Info 07:47:00: Cell 18 executed with state Success
Info 07:48:36: Execute Cells request 19
Info 07:48:36: Execute Cell 19 ~/d/python/data_analysis/google_play_store.ipynb
Info 07:48:37: Cell 19 executed with state Success
Info 07:48:54: Execute Cells request 20
Info 07:48:54: Execute Cell 20 ~/d/python/data_analysis/google_play_store.ipynb
Info 07:48:54: Cell 20 executed with state Success
Info 07:49:45: Execute Cells request 21
Info 07:49:45: Execute Cell 21 ~/d/python/data_analysis/google_play_store.ipynb
Info 07:49:45: Cancel all remaining cells true || Error
Info 07:49:45: Cancel pending cells
Info 07:49:45: Cell 21 executed with state Error
Info 07:49:53: Execute Cells request 21
Info 07:49:53: Execute Cell 21 ~/d/python/data_analysis/google_play_store.ipynb
Info 07:49:54: Cell 21 executed with state Success
Info 07:51:06: Execute Cells request 22
Info 07:51:06: Execute Cell 22 ~/d/python/data_analysis/google_play_store.ipynb
Info 07:51:06: Cell 22 executed with state Success
Info 07:52:49: Execute Cells request 23
Info 07:52:49: Execute Cell 23 ~/d/python/data_analysis/google_play_store.ipynb
Info 07:52:49: Cell 23 executed with state Success
Info 07:57:31: Execute Cells request 25
Info 07:57:31: Execute Cell 25 ~/d/python/data_analysis/google_play_store.ipynb
Info 07:57:31: Cancel all remaining cells true || Error
Info 07:57:31: Cancel pending cells
Info 07:57:31: Cell 25 executed with state Error
Info 07:58:08: Execute Cells request 25
Info 07:58:08: Execute Cell 25 ~/d/python/data_analysis/google_play_store.ipynb
Info 07:58:09: Cancel all remaining cells true || Error
Info 07:58:09: Cancel pending cells
Info 07:58:09: Cell 25 executed with state Error
Info 07:58:22: Execute Cells request 25
Info 07:58:22: Execute Cell 25 ~/d/python/data_analysis/google_play_store.ipynb
Info 07:58:22: Cancel all remaining cells true || Error
Info 07:58:22: Cancel pending cells
Info 07:58:22: Cell 25 executed with state Error
Info 07:58:27: Execute Cells request 25
Info 07:58:27: Execute Cell 25 ~/d/python/data_analysis/google_play_store.ipynb
Info 07:58:27: Cancel all remaining cells true || Error
Info 07:58:27: Cancel pending cells
Info 07:58:27: Cell 25 executed with state Error
Info 07:59:07: Execute Cells request 25
Info 07:59:07: Execute Cell 25 ~/d/python/data_analysis/google_play_store.ipynb
Info 07:59:07: Cell 25 executed with state Success
Info 07:59:11: Execute Cells request 26
Info 07:59:11: Execute Cell 26 ~/d/python/data_analysis/google_play_store.ipynb
Info 07:59:11: Cell 26 executed with state Success
Info 07:59:34: Execute Cells request 26
Info 07:59:34: Execute Cell 26 ~/d/python/data_analysis/google_play_store.ipynb
Info 07:59:34: Cell 26 executed with state Success
Info 07:59:55: Execute Cells request 27
Info 07:59:55: Execute Cell 27 ~/d/python/data_analysis/google_play_store.ipynb
Info 07:59:55: Cell 27 executed with state Success
Info 08:00:02: Execute Cells request 27
Info 08:00:02: Execute Cell 27 ~/d/python/data_analysis/google_play_store.ipynb
Info 08:00:02: Cell 27 executed with state Success
Info 08:00:47: Execute Cells request 28
Info 08:00:47: Execute Cell 28 ~/d/python/data_analysis/google_play_store.ipynb
Info 08:00:47: Cell 28 executed with state Success
Info 14:05:10: Shutting down notebooks for e4e9e344-90fc-4327-8b06-3e25032e8160
Info 14:05:10: Disposing HostJupyterExecution 1f2df915-aade-4015-b4c9-c0b68f80ff1b
Info 14:05:10: Disposing super HostJupyterExecution 1f2df915-aade-4015-b4c9-c0b68f80ff1b
Info 14:05:10: Dispose kernel file:///home/ff/d/python/data_analysis/google_play_store.ipynb
Info 14:05:10: Dispose Kernel process
Info 14:05:10: Disposing HostJupyterExecution 1f2df915-aade-4015-b4c9-c0b68f80ff1b
Info 14:05:10: Finished disposing HostJupyterExecution  1f2df915-aade-4015-b4c9-c0b68f80ff1b
Info 14:05:10: Cleaning up server cache 1f2df915-aade-4015-b4c9-c0b68f80ff1b
Info 14:05:10: Finished disposing HostJupyterExecution  1f2df915-aade-4015-b4c9-c0b68f80ff1b
